{"/Users/sarthak/Desktop/fleet/email-manager/src/lib/analytics.ts": {"path":"/Users/sarthak/Desktop/fleet/email-manager/src/lib/analytics.ts","statementMap":{"0":{"start":{"line":17,"column":0},"end":{"line":17,"column":null}},"1":{"start":{"line":21,"column":16},"end":{"line":21,"column":null}},"2":{"start":{"line":47,"column":2},"end":{"line":49,"column":null}},"3":{"start":{"line":48,"column":4},"end":{"line":48,"column":null}},"4":{"start":{"line":58,"column":2},"end":{"line":58,"column":null}},"5":{"start":{"line":63,"column":2},"end":{"line":63,"column":null}},"6":{"start":{"line":68,"column":2},"end":{"line":68,"column":null}},"7":{"start":{"line":73,"column":2},"end":{"line":73,"column":null}},"8":{"start":{"line":78,"column":2},"end":{"line":78,"column":null}}},"fnMap":{"0":{"name":"trackEvent","decl":{"start":{"line":46,"column":16},"end":{"line":46,"column":27}},"loc":{"start":{"line":46,"column":90},"end":{"line":49,"column":null}},"line":46},"1":{"name":"emit","decl":{"start":{"line":54,"column":9},"end":{"line":54,"column":null}},"loc":{"start":{"line":57,"column":8},"end":{"line":58,"column":null}},"line":57},"2":{"name":"trackSignup","decl":{"start":{"line":62,"column":16},"end":{"line":62,"column":36}},"loc":{"start":{"line":62,"column":36},"end":{"line":63,"column":null}},"line":62},"3":{"name":"trackActivated","decl":{"start":{"line":67,"column":16},"end":{"line":67,"column":39}},"loc":{"start":{"line":67,"column":39},"end":{"line":68,"column":null}},"line":67},"4":{"name":"trackCoreAction","decl":{"start":{"line":72,"column":16},"end":{"line":72,"column":32}},"loc":{"start":{"line":72,"column":58},"end":{"line":73,"column":null}},"line":72},"5":{"name":"trackReturned","decl":{"start":{"line":77,"column":16},"end":{"line":77,"column":38}},"loc":{"start":{"line":77,"column":38},"end":{"line":78,"column":null}},"line":77}},"branchMap":{"0":{"loc":{"start":{"line":46,"column":42},"end":{"line":46,"column":82}},"type":"default-arg","locations":[{"start":{"line":46,"column":80},"end":{"line":46,"column":82}}],"line":46}},"s":{"0":0,"1":0,"2":0,"3":0,"4":0,"5":0,"6":0,"7":0,"8":0},"f":{"0":0,"1":0,"2":0,"3":0,"4":0,"5":0},"b":{"0":[0]},"meta":{"lastBranch":1,"lastFunction":6,"lastStatement":9,"seen":{"s:17:0:17:Infinity":0,"s:21:16:21:Infinity":1,"f:46:16:46:27":0,"b:46:80:46:82":0,"s:47:2:49:Infinity":2,"s:48:4:48:Infinity":3,"f:54:9:54:Infinity":1,"s:58:2:58:Infinity":4,"f:62:16:62:36":2,"s:63:2:63:Infinity":5,"f:67:16:67:39":3,"s:68:2:68:Infinity":6,"f:72:16:72:32":4,"s:73:2:73:Infinity":7,"f:77:16:77:38":5,"s:78:2:78:Infinity":8},"fnNames":{}}}
,"/Users/sarthak/Desktop/fleet/email-manager/src/lib/auth-client.ts": {"path":"/Users/sarthak/Desktop/fleet/email-manager/src/lib/auth-client.ts","statementMap":{"0":{"start":{"line":1,"column":0},"end":{"line":1,"column":null}},"1":{"start":{"line":10,"column":2},"end":{"line":16,"column":null}},"2":{"start":{"line":11,"column":16},"end":{"line":11,"column":80}},"3":{"start":{"line":12,"column":4},"end":{"line":12,"column":null}},"4":{"start":{"line":12,"column":17},"end":{"line":12,"column":null}},"5":{"start":{"line":13,"column":17},"end":{"line":13,"column":33}},"6":{"start":{"line":14,"column":4},"end":{"line":14,"column":null}},"7":{"start":{"line":16,"column":4},"end":{"line":16,"column":null}},"8":{"start":{"line":21,"column":14},"end":{"line":33,"column":4}},"9":{"start":{"line":35,"column":2},"end":{"line":37,"column":null}},"10":{"start":{"line":36,"column":4},"end":{"line":36,"column":null}},"11":{"start":{"line":37,"column":4},"end":{"line":37,"column":null}},"12":{"start":{"line":40,"column":16},"end":{"line":40,"column":32}},"13":{"start":{"line":41,"column":2},"end":{"line":41,"column":null}},"14":{"start":{"line":45,"column":2},"end":{"line":45,"column":null}},"15":{"start":{"line":46,"column":2},"end":{"line":46,"column":null}}},"fnMap":{"0":{"name":"getSession","decl":{"start":{"line":9,"column":22},"end":{"line":9,"column":53}},"loc":{"start":{"line":9,"column":53},"end":{"line":16,"column":null}},"line":9},"1":{"name":"signIn","decl":{"start":{"line":20,"column":22},"end":{"line":20,"column":31}},"loc":{"start":{"line":20,"column":31},"end":{"line":41,"column":null}},"line":20},"2":{"name":"signOut","decl":{"start":{"line":44,"column":22},"end":{"line":44,"column":32}},"loc":{"start":{"line":44,"column":32},"end":{"line":46,"column":null}},"line":44}},"branchMap":{"0":{"loc":{"start":{"line":12,"column":4},"end":{"line":12,"column":null}},"type":"if","locations":[{"start":{"line":12,"column":4},"end":{"line":12,"column":null}},{"start":{},"end":{}}],"line":12},"1":{"loc":{"start":{"line":14,"column":11},"end":{"line":14,"column":null}},"type":"cond-expr","locations":[{"start":{"line":14,"column":24},"end":{"line":14,"column":31}},{"start":{"line":14,"column":31},"end":{"line":14,"column":null}}],"line":14},"2":{"loc":{"start":{"line":35,"column":2},"end":{"line":37,"column":null}},"type":"if","locations":[{"start":{"line":35,"column":2},"end":{"line":37,"column":null}},{"start":{},"end":{}}],"line":35},"3":{"loc":{"start":{"line":41,"column":25},"end":{"line":41,"column":null}},"type":"binary-expr","locations":[{"start":{"line":41,"column":25},"end":{"line":41,"column":37}},{"start":{"line":41,"column":37},"end":{"line":41,"column":null}}],"line":41}},"s":{"0":0,"1":0,"2":0,"3":0,"4":0,"5":0,"6":0,"7":0,"8":0,"9":0,"10":0,"11":0,"12":0,"13":0,"14":0,"15":0},"f":{"0":0,"1":0,"2":0},"b":{"0":[0,0],"1":[0,0],"2":[0,0],"3":[0,0]},"meta":{"lastBranch":4,"lastFunction":3,"lastStatement":16,"seen":{"s:1:0:1:Infinity":0,"f:9:22:9:53":0,"s:10:2:16:Infinity":1,"s:11:16:11:80":2,"b:12:4:12:Infinity:undefined:undefined:undefined:undefined":0,"s:12:4:12:Infinity":3,"s:12:17:12:Infinity":4,"s:13:17:13:33":5,"s:14:4:14:Infinity":6,"b:14:24:14:31:14:31:14:Infinity":1,"s:16:4:16:Infinity":7,"f:20:22:20:31":1,"s:21:14:33:4":8,"b:35:2:37:Infinity:undefined:undefined:undefined:undefined":2,"s:35:2:37:Infinity":9,"s:36:4:36:Infinity":10,"s:37:4:37:Infinity":11,"s:40:16:40:32":12,"s:41:2:41:Infinity":13,"b:41:25:41:37:41:37:41:Infinity":3,"f:44:22:44:32":2,"s:45:2:45:Infinity":14,"s:46:2:46:Infinity":15},"fnNames":{}}}
,"/Users/sarthak/Desktop/fleet/email-manager/src/lib/auth.ts": {"path":"/Users/sarthak/Desktop/fleet/email-manager/src/lib/auth.ts","statementMap":{"0":{"start":{"line":17,"column":16},"end":{"line":17,"column":null}},"1":{"start":{"line":18,"column":2},"end":{"line":18,"column":null}},"2":{"start":{"line":23,"column":4},"end":{"line":24,"column":null}},"3":{"start":{"line":26,"column":2},"end":{"line":53,"column":null}}},"fnMap":{"0":{"name":"getEnvValue","decl":{"start":{"line":16,"column":9},"end":{"line":16,"column":21}},"loc":{"start":{"line":16,"column":75},"end":{"line":18,"column":null}},"line":16},"1":{"name":"createAuth","decl":{"start":{"line":21,"column":16},"end":{"line":21,"column":27}},"loc":{"start":{"line":21,"column":41},"end":{"line":53,"column":null}},"line":21}},"branchMap":{"0":{"loc":{"start":{"line":18,"column":9},"end":{"line":18,"column":null}},"type":"cond-expr","locations":[{"start":{"line":18,"column":57},"end":{"line":18,"column":65}},{"start":{"line":18,"column":65},"end":{"line":18,"column":null}}],"line":18},"1":{"loc":{"start":{"line":18,"column":9},"end":{"line":18,"column":57}},"type":"binary-expr","locations":[{"start":{"line":18,"column":9},"end":{"line":18,"column":38}},{"start":{"line":18,"column":38},"end":{"line":18,"column":57}}],"line":18},"2":{"loc":{"start":{"line":23,"column":4},"end":{"line":24,"column":null}},"type":"binary-expr","locations":[{"start":{"line":23,"column":4},"end":{"line":23,"column":39}},{"start":{"line":24,"column":4},"end":{"line":24,"column":null}}],"line":23},"3":{"loc":{"start":{"line":33,"column":6},"end":{"line":34,"column":37}},"type":"binary-expr","locations":[{"start":{"line":33,"column":6},"end":{"line":33,"column":44}},{"start":{"line":34,"column":6},"end":{"line":34,"column":37}}],"line":33},"4":{"loc":{"start":{"line":37,"column":18},"end":{"line":37,"column":null}},"type":"binary-expr","locations":[{"start":{"line":37,"column":18},"end":{"line":37,"column":54}},{"start":{"line":37,"column":58},"end":{"line":37,"column":null}}],"line":37},"5":{"loc":{"start":{"line":38,"column":22},"end":{"line":38,"column":null}},"type":"binary-expr","locations":[{"start":{"line":38,"column":22},"end":{"line":38,"column":62}},{"start":{"line":38,"column":66},"end":{"line":38,"column":null}}],"line":38}},"s":{"0":0,"1":0,"2":0,"3":0},"f":{"0":0,"1":0},"b":{"0":[0,0],"1":[0,0],"2":[0,0],"3":[0,0],"4":[0,0],"5":[0,0]},"meta":{"lastBranch":6,"lastFunction":2,"lastStatement":4,"seen":{"f:16:9:16:21":0,"s:17:16:17:Infinity":0,"s:18:2:18:Infinity":1,"b:18:57:18:65:18:65:18:Infinity":0,"b:18:9:18:38:18:38:18:57":1,"f:21:16:21:27":1,"s:23:4:24:Infinity":2,"b:23:4:23:39:24:4:24:Infinity":2,"s:26:2:53:Infinity":3,"b:33:6:33:44:34:6:34:37":3,"b:37:18:37:54:37:58:37:Infinity":4,"b:38:22:38:62:38:66:38:Infinity":5},"fnNames":{}}}
,"/Users/sarthak/Desktop/fleet/email-manager/src/lib/db.ts": {"path":"/Users/sarthak/Desktop/fleet/email-manager/src/lib/db.ts","statementMap":{"0":{"start":{"line":16,"column":16},"end":{"line":16,"column":null}},"1":{"start":{"line":17,"column":19},"end":{"line":17,"column":null}},"2":{"start":{"line":19,"column":55},"end":{"line":19,"column":null}},"3":{"start":{"line":22,"column":2},"end":{"line":30,"column":null}},"4":{"start":{"line":23,"column":4},"end":{"line":30,"column":null}},"5":{"start":{"line":25,"column":8},"end":{"line":27,"column":null}},"6":{"start":{"line":26,"column":24},"end":{"line":26,"column":73}},"7":{"start":{"line":27,"column":10},"end":{"line":27,"column":null}},"8":{"start":{"line":32,"column":2},"end":{"line":32,"column":null}},"9":{"start":{"line":36,"column":13},"end":{"line":36,"column":26}},"10":{"start":{"line":37,"column":13},"end":{"line":37,"column":50}},"11":{"start":{"line":38,"column":2},"end":{"line":38,"column":null}},"12":{"start":{"line":38,"column":42},"end":{"line":38,"column":57}},"13":{"start":{"line":42,"column":13},"end":{"line":42,"column":26}},"14":{"start":{"line":43,"column":2},"end":{"line":43,"column":null}},"15":{"start":{"line":47,"column":13},"end":{"line":47,"column":26}},"16":{"start":{"line":48,"column":2},"end":{"line":48,"column":null}},"17":{"start":{"line":52,"column":13},"end":{"line":52,"column":26}},"18":{"start":{"line":53,"column":14},"end":{"line":53,"column":39}},"19":{"start":{"line":54,"column":2},"end":{"line":54,"column":null}},"20":{"start":{"line":54,"column":27},"end":{"line":54,"column":40}},"21":{"start":{"line":58,"column":13},"end":{"line":58,"column":26}},"22":{"start":{"line":59,"column":2},"end":{"line":59,"column":null}},"23":{"start":{"line":63,"column":13},"end":{"line":63,"column":26}},"24":{"start":{"line":64,"column":14},"end":{"line":64,"column":39}},"25":{"start":{"line":65,"column":2},"end":{"line":65,"column":null}},"26":{"start":{"line":65,"column":27},"end":{"line":65,"column":39}},"27":{"start":{"line":79,"column":14},"end":{"line":79,"column":34}},"28":{"start":{"line":80,"column":19},"end":{"line":85,"column":null}},"29":{"start":{"line":83,"column":51},"end":{"line":83,"column":null}},"30":{"start":{"line":84,"column":8},"end":{"line":84,"column":null}},"31":{"start":{"line":86,"column":21},"end":{"line":86,"column":45}},"32":{"start":{"line":87,"column":18},"end":{"line":94,"column":null}},"33":{"start":{"line":95,"column":15},"end":{"line":97,"column":4}},"34":{"start":{"line":98,"column":2},"end":{"line":102,"column":null}}},"fnMap":{"0":{"name":"getDB","decl":{"start":{"line":21,"column":9},"end":{"line":21,"column":17}},"loc":{"start":{"line":21,"column":17},"end":{"line":32,"column":null}},"line":21},"1":{"name":"upgrade","decl":{"start":{"line":24,"column":6},"end":{"line":24,"column":14}},"loc":{"start":{"line":24,"column":18},"end":{"line":30,"column":6}},"line":24},"2":{"name":"storeEmails","decl":{"start":{"line":35,"column":22},"end":{"line":35,"column":34}},"loc":{"start":{"line":35,"column":57},"end":{"line":38,"column":null}},"line":35},"3":{"name":"(anonymous_3)","decl":{"start":{"line":38,"column":31},"end":{"line":38,"column":36}},"loc":{"start":{"line":38,"column":42},"end":{"line":38,"column":57}},"line":38},"4":{"name":"storeEmail","decl":{"start":{"line":41,"column":22},"end":{"line":41,"column":33}},"loc":{"start":{"line":41,"column":53},"end":{"line":43,"column":null}},"line":41},"5":{"name":"getAllEmails","decl":{"start":{"line":46,"column":22},"end":{"line":46,"column":61}},"loc":{"start":{"line":46,"column":61},"end":{"line":48,"column":null}},"line":46},"6":{"name":"getEmailsWithoutEmbedding","decl":{"start":{"line":51,"column":22},"end":{"line":51,"column":74}},"loc":{"start":{"line":51,"column":74},"end":{"line":54,"column":null}},"line":51},"7":{"name":"(anonymous_7)","decl":{"start":{"line":54,"column":13},"end":{"line":54,"column":21}},"loc":{"start":{"line":54,"column":27},"end":{"line":54,"column":40}},"line":54},"8":{"name":"getEmailCount","decl":{"start":{"line":57,"column":22},"end":{"line":57,"column":55}},"loc":{"start":{"line":57,"column":55},"end":{"line":59,"column":null}},"line":57},"9":{"name":"getIndexedCount","decl":{"start":{"line":62,"column":22},"end":{"line":62,"column":57}},"loc":{"start":{"line":62,"column":57},"end":{"line":65,"column":null}},"line":62},"10":{"name":"(anonymous_10)","decl":{"start":{"line":65,"column":13},"end":{"line":65,"column":21}},"loc":{"start":{"line":65,"column":27},"end":{"line":65,"column":39}},"line":65},"11":{"name":"exportEmails","decl":{"start":{"line":74,"column":22},"end":{"line":74,"column":35}},"loc":{"start":{"line":78,"column":3},"end":{"line":102,"column":null}},"line":78},"12":{"name":"(anonymous_12)","decl":{"start":{"line":82,"column":10},"end":{"line":82,"column":15}},"loc":{"start":{"line":82,"column":21},"end":{"line":85,"column":null}},"line":82}},"branchMap":{"0":{"loc":{"start":{"line":22,"column":2},"end":{"line":30,"column":null}},"type":"if","locations":[{"start":{"line":22,"column":2},"end":{"line":30,"column":null}},{"start":{},"end":{}}],"line":22},"1":{"loc":{"start":{"line":25,"column":8},"end":{"line":27,"column":null}},"type":"if","locations":[{"start":{"line":25,"column":8},"end":{"line":27,"column":null}},{"start":{},"end":{}}],"line":25},"2":{"loc":{"start":{"line":74,"column":35},"end":{"line":74,"column":77}},"type":"default-arg","locations":[{"start":{"line":74,"column":75},"end":{"line":74,"column":77}}],"line":74},"3":{"loc":{"start":{"line":80,"column":19},"end":{"line":85,"column":null}},"type":"cond-expr","locations":[{"start":{"line":81,"column":6},"end":{"line":81,"column":null}},{"start":{"line":82,"column":6},"end":{"line":85,"column":null}}],"line":80}},"s":{"0":0,"1":0,"2":0,"3":0,"4":0,"5":0,"6":0,"7":0,"8":0,"9":0,"10":0,"11":0,"12":0,"13":0,"14":0,"15":0,"16":0,"17":0,"18":0,"19":0,"20":0,"21":0,"22":0,"23":0,"24":0,"25":0,"26":0,"27":0,"28":0,"29":0,"30":0,"31":0,"32":0,"33":0,"34":0},"f":{"0":0,"1":0,"2":0,"3":0,"4":0,"5":0,"6":0,"7":0,"8":0,"9":0,"10":0,"11":0,"12":0},"b":{"0":[0,0],"1":[0,0],"2":[0],"3":[0,0]},"meta":{"lastBranch":4,"lastFunction":13,"lastStatement":35,"seen":{"s:16:16:16:Infinity":0,"s:17:19:17:Infinity":1,"s:19:55:19:Infinity":2,"f:21:9:21:17":0,"b:22:2:30:Infinity:undefined:undefined:undefined:undefined":0,"s:22:2:30:Infinity":3,"s:23:4:30:Infinity":4,"f:24:6:24:14":1,"b:25:8:27:Infinity:undefined:undefined:undefined:undefined":1,"s:25:8:27:Infinity":5,"s:26:24:26:73":6,"s:27:10:27:Infinity":7,"s:32:2:32:Infinity":8,"f:35:22:35:34":2,"s:36:13:36:26":9,"s:37:13:37:50":10,"s:38:2:38:Infinity":11,"f:38:31:38:36":3,"s:38:42:38:57":12,"f:41:22:41:33":4,"s:42:13:42:26":13,"s:43:2:43:Infinity":14,"f:46:22:46:61":5,"s:47:13:47:26":15,"s:48:2:48:Infinity":16,"f:51:22:51:74":6,"s:52:13:52:26":17,"s:53:14:53:39":18,"s:54:2:54:Infinity":19,"f:54:13:54:21":7,"s:54:27:54:40":20,"f:57:22:57:55":8,"s:58:13:58:26":21,"s:59:2:59:Infinity":22,"f:62:22:62:57":9,"s:63:13:63:26":23,"s:64:14:64:39":24,"s:65:2:65:Infinity":25,"f:65:13:65:21":10,"s:65:27:65:39":26,"f:74:22:74:35":11,"b:74:75:74:77":2,"s:79:14:79:34":27,"s:80:19:85:Infinity":28,"b:81:6:81:Infinity:82:6:85:Infinity":3,"f:82:10:82:15":12,"s:83:51:83:Infinity":29,"s:84:8:84:Infinity":30,"s:86:21:86:45":31,"s:87:18:94:Infinity":32,"s:95:15:97:4":33,"s:98:2:102:Infinity":34},"fnNames":{}}}
,"/Users/sarthak/Desktop/fleet/email-manager/src/lib/digest.ts": {"path":"/Users/sarthak/Desktop/fleet/email-manager/src/lib/digest.ts","statementMap":{"0":{"start":{"line":10,"column":29},"end":{"line":10,"column":null}},"1":{"start":{"line":11,"column":37},"end":{"line":11,"column":null}},"2":{"start":{"line":65,"column":2},"end":{"line":65,"column":null}},"3":{"start":{"line":68,"column":21},"end":{"line":68,"column":44}},"4":{"start":{"line":69,"column":8},"end":{"line":69,"column":62}},"5":{"start":{"line":70,"column":22},"end":{"line":70,"column":null}},"6":{"start":{"line":71,"column":2},"end":{"line":71,"column":null}},"7":{"start":{"line":75,"column":12},"end":{"line":75,"column":32}},"8":{"start":{"line":76,"column":2},"end":{"line":76,"column":null}},"9":{"start":{"line":80,"column":15},"end":{"line":81,"column":null}},"10":{"start":{"line":83,"column":14},"end":{"line":83,"column":30}},"11":{"start":{"line":84,"column":15},"end":{"line":84,"column":null}},"12":{"start":{"line":85,"column":2},"end":{"line":85,"column":null}},"13":{"start":{"line":86,"column":2},"end":{"line":86,"column":null}},"14":{"start":{"line":90,"column":2},"end":{"line":90,"column":null}},"15":{"start":{"line":100,"column":14},"end":{"line":100,"column":39}},"16":{"start":{"line":101,"column":26},"end":{"line":101,"column":null}},"17":{"start":{"line":102,"column":27},"end":{"line":102,"column":null}},"18":{"start":{"line":103,"column":26},"end":{"line":103,"column":null}},"19":{"start":{"line":105,"column":20},"end":{"line":105,"column":39}},"20":{"start":{"line":106,"column":22},"end":{"line":106,"column":41}},"21":{"start":{"line":107,"column":2},"end":{"line":107,"column":null}},"22":{"start":{"line":109,"column":22},"end":{"line":109,"column":35}},"23":{"start":{"line":110,"column":2},"end":{"line":110,"column":null}},"24":{"start":{"line":112,"column":22},"end":{"line":112,"column":35}},"25":{"start":{"line":113,"column":2},"end":{"line":113,"column":null}},"26":{"start":{"line":115,"column":22},"end":{"line":115,"column":43}},"27":{"start":{"line":116,"column":20},"end":{"line":116,"column":null}},"28":{"start":{"line":118,"column":20},"end":{"line":118,"column":null}},"29":{"start":{"line":123,"column":20},"end":{"line":123,"column":null}},"30":{"start":{"line":132,"column":28},"end":{"line":132,"column":66}},"31":{"start":{"line":134,"column":2},"end":{"line":164,"column":null}},"32":{"start":{"line":135,"column":48},"end":{"line":135,"column":71}},"33":{"start":{"line":136,"column":4},"end":{"line":136,"column":null}},"34":{"start":{"line":136,"column":54},"end":{"line":136,"column":null}},"35":{"start":{"line":138,"column":14},"end":{"line":138,"column":44}},"36":{"start":{"line":139,"column":4},"end":{"line":139,"column":null}},"37":{"start":{"line":139,"column":25},"end":{"line":139,"column":null}},"38":{"start":{"line":141,"column":19},"end":{"line":145,"column":null}},"39":{"start":{"line":146,"column":4},"end":{"line":146,"column":null}},"40":{"start":{"line":147,"column":4},"end":{"line":147,"column":null}},"41":{"start":{"line":148,"column":4},"end":{"line":148,"column":null}},"42":{"start":{"line":150,"column":19},"end":{"line":154,"column":null}},"43":{"start":{"line":155,"column":4},"end":{"line":155,"column":null}},"44":{"start":{"line":156,"column":4},"end":{"line":156,"column":null}},"45":{"start":{"line":156,"column":45},"end":{"line":156,"column":null}},"46":{"start":{"line":157,"column":4},"end":{"line":157,"column":null}},"47":{"start":{"line":159,"column":4},"end":{"line":164,"column":null}},"48":{"start":{"line":160,"column":21},"end":{"line":160,"column":49}},"49":{"start":{"line":161,"column":23},"end":{"line":161,"column":57}},"50":{"start":{"line":162,"column":24},"end":{"line":162,"column":68}},"51":{"start":{"line":163,"column":6},"end":{"line":163,"column":null}},"52":{"start":{"line":164,"column":6},"end":{"line":164,"column":null}},"53":{"start":{"line":168,"column":50},"end":{"line":168,"column":52}},"54":{"start":{"line":169,"column":2},"end":{"line":184,"column":null}},"55":{"start":{"line":170,"column":4},"end":{"line":170,"column":null}},"56":{"start":{"line":170,"column":39},"end":{"line":170,"column":null}},"57":{"start":{"line":171,"column":19},"end":{"line":171,"column":56}},"58":{"start":{"line":171,"column":50},"end":{"line":171,"column":56}},"59":{"start":{"line":172,"column":19},"end":{"line":172,"column":null}},"60":{"start":{"line":173,"column":4},"end":{"line":173,"column":null}},"61":{"start":{"line":173,"column":41},"end":{"line":173,"column":null}},"62":{"start":{"line":174,"column":22},"end":{"line":175,"column":null}},"63":{"start":{"line":177,"column":4},"end":{"line":184,"column":null}},"64":{"start":{"line":186,"column":2},"end":{"line":186,"column":null}},"65":{"start":{"line":186,"column":36},"end":{"line":186,"column":78}},"66":{"start":{"line":188,"column":44},"end":{"line":188,"column":46}},"67":{"start":{"line":189,"column":2},"end":{"line":213,"column":null}},"68":{"start":{"line":190,"column":19},"end":{"line":190,"column":56}},"69":{"start":{"line":190,"column":50},"end":{"line":190,"column":56}},"70":{"start":{"line":191,"column":19},"end":{"line":191,"column":null}},"71":{"start":{"line":192,"column":25},"end":{"line":192,"column":null}},"72":{"start":{"line":193,"column":4},"end":{"line":193,"column":null}},"73":{"start":{"line":193,"column":41},"end":{"line":193,"column":null}},"74":{"start":{"line":195,"column":4},"end":{"line":203,"column":null}},"75":{"start":{"line":196,"column":6},"end":{"line":202,"column":null}},"76":{"start":{"line":203,"column":6},"end":{"line":203,"column":null}},"77":{"start":{"line":206,"column":4},"end":{"line":213,"column":null}},"78":{"start":{"line":207,"column":6},"end":{"line":213,"column":null}},"79":{"start":{"line":216,"column":2},"end":{"line":219,"column":null}},"80":{"start":{"line":218,"column":6},"end":{"line":218,"column":79}},"81":{"start":{"line":221,"column":38},"end":{"line":233,"column":16}},"82":{"start":{"line":223,"column":22},"end":{"line":223,"column":74}},"83":{"start":{"line":223,"column":62},"end":{"line":223,"column":74}},"84":{"start":{"line":224,"column":27},"end":{"line":224,"column":65}},"85":{"start":{"line":224,"column":56},"end":{"line":224,"column":63}},"86":{"start":{"line":225,"column":6},"end":{"line":230,"column":null}},"87":{"start":{"line":229,"column":53},"end":{"line":229,"column":null}},"88":{"start":{"line":232,"column":20},"end":{"line":232,"column":52}},"89":{"start":{"line":235,"column":2},"end":{"line":244,"column":null}},"90":{"start":{"line":249,"column":12},"end":{"line":249,"column":33}},"91":{"start":{"line":250,"column":2},"end":{"line":250,"column":null}},"92":{"start":{"line":250,"column":55},"end":{"line":250,"column":null}},"93":{"start":{"line":251,"column":2},"end":{"line":251,"column":null}},"94":{"start":{"line":251,"column":57},"end":{"line":251,"column":null}},"95":{"start":{"line":252,"column":2},"end":{"line":252,"column":null}},"96":{"start":{"line":252,"column":53},"end":{"line":252,"column":null}},"97":{"start":{"line":253,"column":2},"end":{"line":253,"column":null}},"98":{"start":{"line":253,"column":47},"end":{"line":253,"column":null}},"99":{"start":{"line":254,"column":2},"end":{"line":254,"column":null}},"100":{"start":{"line":254,"column":51},"end":{"line":254,"column":null}},"101":{"start":{"line":255,"column":2},"end":{"line":255,"column":null}},"102":{"start":{"line":259,"column":41},"end":{"line":266,"column":null}},"103":{"start":{"line":267,"column":2},"end":{"line":267,"column":null}},"104":{"start":{"line":279,"column":16},"end":{"line":279,"column":null}},"105":{"start":{"line":280,"column":18},"end":{"line":280,"column":null}},"106":{"start":{"line":281,"column":17},"end":{"line":281,"column":null}},"107":{"start":{"line":282,"column":2},"end":{"line":293,"column":null}}},"fnMap":{"0":{"name":"parseSender","decl":{"start":{"line":67,"column":9},"end":{"line":67,"column":21}},"loc":{"start":{"line":67,"column":75},"end":{"line":71,"column":null}},"line":67},"1":{"name":"domainFromEmail","decl":{"start":{"line":74,"column":9},"end":{"line":74,"column":25}},"loc":{"start":{"line":74,"column":48},"end":{"line":76,"column":null}},"line":74},"2":{"name":"startOfUtcWeek","decl":{"start":{"line":79,"column":9},"end":{"line":79,"column":24}},"loc":{"start":{"line":79,"column":39},"end":{"line":86,"column":null}},"line":79},"3":{"name":"isNewsletterSender","decl":{"start":{"line":89,"column":9},"end":{"line":89,"column":28}},"loc":{"start":{"line":89,"column":73},"end":{"line":90,"column":null}},"line":89},"4":{"name":"buildWeeklyDigest","decl":{"start":{"line":96,"column":16},"end":{"line":96,"column":null}},"loc":{"start":{"line":99,"column":16},"end":{"line":244,"column":null}},"line":99},"5":{"name":"(anonymous_5)","decl":{"start":{"line":171,"column":35},"end":{"line":171,"column":41}},"loc":{"start":{"line":171,"column":50},"end":{"line":171,"column":56}},"line":171},"6":{"name":"(anonymous_6)","decl":{"start":{"line":186,"column":21},"end":{"line":186,"column":27}},"loc":{"start":{"line":186,"column":36},"end":{"line":186,"column":78}},"line":186},"7":{"name":"(anonymous_7)","decl":{"start":{"line":190,"column":35},"end":{"line":190,"column":41}},"loc":{"start":{"line":190,"column":50},"end":{"line":190,"column":56}},"line":190},"8":{"name":"(anonymous_8)","decl":{"start":{"line":216,"column":19},"end":{"line":216,"column":null}},"loc":{"start":{"line":218,"column":6},"end":{"line":218,"column":79}},"line":218},"9":{"name":"(anonymous_9)","decl":{"start":{"line":222,"column":5},"end":{"line":222,"column":10}},"loc":{"start":{"line":222,"column":30},"end":{"line":231,"column":null}},"line":222},"10":{"name":"(anonymous_10)","decl":{"start":{"line":223,"column":47},"end":{"line":223,"column":53}},"loc":{"start":{"line":223,"column":62},"end":{"line":223,"column":74}},"line":223},"11":{"name":"(anonymous_11)","decl":{"start":{"line":224,"column":35},"end":{"line":224,"column":43}},"loc":{"start":{"line":224,"column":56},"end":{"line":224,"column":63}},"line":224},"12":{"name":"(anonymous_12)","decl":{"start":{"line":229,"column":40},"end":{"line":229,"column":45}},"loc":{"start":{"line":229,"column":53},"end":{"line":229,"column":null}},"line":229},"13":{"name":"(anonymous_13)","decl":{"start":{"line":232,"column":5},"end":{"line":232,"column":11}},"loc":{"start":{"line":232,"column":20},"end":{"line":232,"column":52}},"line":232},"14":{"name":"themeKeyFromSubject","decl":{"start":{"line":248,"column":16},"end":{"line":248,"column":36}},"loc":{"start":{"line":248,"column":61},"end":{"line":255,"column":null}},"line":248},"15":{"name":"themeLabelFromId","decl":{"start":{"line":258,"column":9},"end":{"line":258,"column":26}},"loc":{"start":{"line":258,"column":46},"end":{"line":267,"column":null}},"line":258},"16":{"name":"digestToTodayLittleLogExport","decl":{"start":{"line":271,"column":16},"end":{"line":271,"column":45}},"loc":{"start":{"line":278,"column":2},"end":{"line":293,"column":null}},"line":278}},"branchMap":{"0":{"loc":{"start":{"line":69,"column":17},"end":{"line":69,"column":42}},"type":"binary-expr","locations":[{"start":{"line":69,"column":17},"end":{"line":69,"column":36}},{"start":{"line":69,"column":36},"end":{"line":69,"column":42}}],"line":69},"1":{"loc":{"start":{"line":70,"column":22},"end":{"line":70,"column":null}},"type":"binary-expr","locations":[{"start":{"line":70,"column":22},"end":{"line":70,"column":56}},{"start":{"line":70,"column":60},"end":{"line":70,"column":null}}],"line":70},"2":{"loc":{"start":{"line":76,"column":9},"end":{"line":76,"column":null}},"type":"binary-expr","locations":[{"start":{"line":76,"column":9},"end":{"line":76,"column":19}},{"start":{"line":76,"column":19},"end":{"line":76,"column":null}}],"line":76},"3":{"loc":{"start":{"line":84,"column":15},"end":{"line":84,"column":null}},"type":"cond-expr","locations":[{"start":{"line":84,"column":27},"end":{"line":84,"column":32}},{"start":{"line":84,"column":32},"end":{"line":84,"column":null}}],"line":84},"4":{"loc":{"start":{"line":90,"column":9},"end":{"line":90,"column":69}},"type":"binary-expr","locations":[{"start":{"line":90,"column":9},"end":{"line":90,"column":34}},{"start":{"line":90,"column":38},"end":{"line":90,"column":69}}],"line":90},"5":{"loc":{"start":{"line":98,"column":2},"end":{"line":98,"column":40}},"type":"default-arg","locations":[{"start":{"line":98,"column":38},"end":{"line":98,"column":40}}],"line":98},"6":{"loc":{"start":{"line":100,"column":14},"end":{"line":100,"column":39}},"type":"binary-expr","locations":[{"start":{"line":100,"column":14},"end":{"line":100,"column":29}},{"start":{"line":100,"column":29},"end":{"line":100,"column":39}}],"line":100},"7":{"loc":{"start":{"line":101,"column":26},"end":{"line":101,"column":null}},"type":"binary-expr","locations":[{"start":{"line":101,"column":26},"end":{"line":101,"column":53}},{"start":{"line":101,"column":53},"end":{"line":101,"column":null}}],"line":101},"8":{"loc":{"start":{"line":102,"column":27},"end":{"line":102,"column":null}},"type":"binary-expr","locations":[{"start":{"line":102,"column":27},"end":{"line":102,"column":55}},{"start":{"line":102,"column":55},"end":{"line":102,"column":null}}],"line":102},"9":{"loc":{"start":{"line":103,"column":26},"end":{"line":103,"column":null}},"type":"binary-expr","locations":[{"start":{"line":103,"column":26},"end":{"line":103,"column":53}},{"start":{"line":103,"column":53},"end":{"line":103,"column":null}}],"line":103},"10":{"loc":{"start":{"line":136,"column":4},"end":{"line":136,"column":null}},"type":"if","locations":[{"start":{"line":136,"column":4},"end":{"line":136,"column":null}},{"start":{},"end":{}}],"line":136},"11":{"loc":{"start":{"line":139,"column":4},"end":{"line":139,"column":null}},"type":"if","locations":[{"start":{"line":139,"column":4},"end":{"line":139,"column":null}},{"start":{},"end":{}}],"line":139},"12":{"loc":{"start":{"line":141,"column":19},"end":{"line":145,"column":null}},"type":"binary-expr","locations":[{"start":{"line":141,"column":19},"end":{"line":141,"column":45}},{"start":{"line":141,"column":49},"end":{"line":145,"column":null}}],"line":141},"13":{"loc":{"start":{"line":150,"column":19},"end":{"line":154,"column":null}},"type":"binary-expr","locations":[{"start":{"line":150,"column":19},"end":{"line":150,"column":48}},{"start":{"line":150,"column":52},"end":{"line":154,"column":null}}],"line":150},"14":{"loc":{"start":{"line":156,"column":4},"end":{"line":156,"column":null}},"type":"if","locations":[{"start":{"line":156,"column":4},"end":{"line":156,"column":null}},{"start":{},"end":{}}],"line":156},"15":{"loc":{"start":{"line":159,"column":4},"end":{"line":164,"column":null}},"type":"if","locations":[{"start":{"line":159,"column":4},"end":{"line":164,"column":null}},{"start":{},"end":{}}],"line":159},"16":{"loc":{"start":{"line":159,"column":8},"end":{"line":159,"column":43}},"type":"binary-expr","locations":[{"start":{"line":159,"column":8},"end":{"line":159,"column":28}},{"start":{"line":159,"column":28},"end":{"line":159,"column":43}}],"line":159},"17":{"loc":{"start":{"line":162,"column":24},"end":{"line":162,"column":68}},"type":"binary-expr","locations":[{"start":{"line":162,"column":24},"end":{"line":162,"column":55}},{"start":{"line":162,"column":59},"end":{"line":162,"column":68}}],"line":162},"18":{"loc":{"start":{"line":163,"column":29},"end":{"line":163,"column":59}},"type":"binary-expr","locations":[{"start":{"line":163,"column":29},"end":{"line":163,"column":50}},{"start":{"line":163,"column":54},"end":{"line":163,"column":59}}],"line":163},"19":{"loc":{"start":{"line":170,"column":4},"end":{"line":170,"column":null}},"type":"if","locations":[{"start":{"line":170,"column":4},"end":{"line":170,"column":null}},{"start":{},"end":{}}],"line":170},"20":{"loc":{"start":{"line":173,"column":4},"end":{"line":173,"column":null}},"type":"if","locations":[{"start":{"line":173,"column":4},"end":{"line":173,"column":null}},{"start":{},"end":{}}],"line":173},"21":{"loc":{"start":{"line":193,"column":4},"end":{"line":193,"column":null}},"type":"if","locations":[{"start":{"line":193,"column":4},"end":{"line":193,"column":null}},{"start":{},"end":{}}],"line":193},"22":{"loc":{"start":{"line":195,"column":4},"end":{"line":203,"column":null}},"type":"if","locations":[{"start":{"line":195,"column":4},"end":{"line":203,"column":null}},{"start":{},"end":{}}],"line":195},"23":{"loc":{"start":{"line":206,"column":4},"end":{"line":213,"column":null}},"type":"if","locations":[{"start":{"line":206,"column":4},"end":{"line":213,"column":null}},{"start":{},"end":{}}],"line":206},"24":{"loc":{"start":{"line":250,"column":2},"end":{"line":250,"column":null}},"type":"if","locations":[{"start":{"line":250,"column":2},"end":{"line":250,"column":null}},{"start":{},"end":{}}],"line":250},"25":{"loc":{"start":{"line":251,"column":2},"end":{"line":251,"column":null}},"type":"if","locations":[{"start":{"line":251,"column":2},"end":{"line":251,"column":null}},{"start":{},"end":{}}],"line":251},"26":{"loc":{"start":{"line":252,"column":2},"end":{"line":252,"column":null}},"type":"if","locations":[{"start":{"line":252,"column":2},"end":{"line":252,"column":null}},{"start":{},"end":{}}],"line":252},"27":{"loc":{"start":{"line":253,"column":2},"end":{"line":253,"column":null}},"type":"if","locations":[{"start":{"line":253,"column":2},"end":{"line":253,"column":null}},{"start":{},"end":{}}],"line":253},"28":{"loc":{"start":{"line":254,"column":2},"end":{"line":254,"column":null}},"type":"if","locations":[{"start":{"line":254,"column":2},"end":{"line":254,"column":null}},{"start":{},"end":{}}],"line":254},"29":{"loc":{"start":{"line":267,"column":9},"end":{"line":267,"column":null}},"type":"binary-expr","locations":[{"start":{"line":267,"column":9},"end":{"line":267,"column":23}},{"start":{"line":267,"column":23},"end":{"line":267,"column":null}}],"line":267}},"s":{"0":1,"1":1,"2":1,"3":11,"4":11,"5":11,"6":11,"7":0,"8":0,"9":6,"10":6,"11":6,"12":6,"13":6,"14":11,"15":6,"16":6,"17":6,"18":6,"19":6,"20":6,"21":6,"22":6,"23":6,"24":6,"25":6,"26":6,"27":6,"28":6,"29":6,"30":6,"31":6,"32":11,"33":11,"34":3,"35":8,"36":8,"37":0,"38":8,"39":11,"40":11,"41":11,"42":11,"43":11,"44":11,"45":1,"46":8,"47":8,"48":0,"49":0,"50":0,"51":0,"52":0,"53":6,"54":6,"55":3,"56":1,"57":2,"58":5,"59":2,"60":2,"61":2,"62":1,"63":1,"64":6,"65":0,"66":6,"67":6,"68":3,"69":5,"70":3,"71":3,"72":3,"73":0,"74":3,"75":1,"76":1,"77":2,"78":1,"79":6,"80":0,"81":6,"82":0,"83":0,"84":0,"85":0,"86":0,"87":0,"88":0,"89":6,"90":7,"91":7,"92":2,"93":5,"94":2,"95":3,"96":2,"97":1,"98":0,"99":1,"100":0,"101":1,"102":0,"103":0,"104":1,"105":1,"106":1,"107":1},"f":{"0":11,"1":0,"2":6,"3":11,"4":6,"5":5,"6":0,"7":5,"8":0,"9":0,"10":0,"11":0,"12":0,"13":0,"14":7,"15":0,"16":1},"b":{"0":[11,11],"1":[11,0],"2":[0,0],"3":[0,6],"4":[11,8],"5":[6],"6":[6,0],"7":[6,5],"8":[6,5],"9":[6,4],"10":[3,8],"11":[0,8],"12":[8,3],"13":[11,3],"14":[1,10],"15":[0,8],"16":[8,0],"17":[0,0],"18":[0,0],"19":[1,2],"20":[1,1],"21":[0,3],"22":[1,2],"23":[1,1],"24":[2,5],"25":[2,3],"26":[2,1],"27":[0,1],"28":[0,1],"29":[0,0]},"meta":{"lastBranch":30,"lastFunction":17,"lastStatement":108,"seen":{"s:10:29:10:Infinity":0,"s:11:37:11:Infinity":1,"s:65:2:65:Infinity":2,"f:67:9:67:21":0,"s:68:21:68:44":3,"s:69:8:69:62":4,"b:69:17:69:36:69:36:69:42":0,"s:70:22:70:Infinity":5,"b:70:22:70:56:70:60:70:Infinity":1,"s:71:2:71:Infinity":6,"f:74:9:74:25":1,"s:75:12:75:32":7,"s:76:2:76:Infinity":8,"b:76:9:76:19:76:19:76:Infinity":2,"f:79:9:79:24":2,"s:80:15:81:Infinity":9,"s:83:14:83:30":10,"s:84:15:84:Infinity":11,"b:84:27:84:32:84:32:84:Infinity":3,"s:85:2:85:Infinity":12,"s:86:2:86:Infinity":13,"f:89:9:89:28":3,"s:90:2:90:Infinity":14,"b:90:9:90:34:90:38:90:69":4,"f:96:16:96:Infinity":4,"b:98:38:98:40":5,"s:100:14:100:39":15,"b:100:14:100:29:100:29:100:39":6,"s:101:26:101:Infinity":16,"b:101:26:101:53:101:53:101:Infinity":7,"s:102:27:102:Infinity":17,"b:102:27:102:55:102:55:102:Infinity":8,"s:103:26:103:Infinity":18,"b:103:26:103:53:103:53:103:Infinity":9,"s:105:20:105:39":19,"s:106:22:106:41":20,"s:107:2:107:Infinity":21,"s:109:22:109:35":22,"s:110:2:110:Infinity":23,"s:112:22:112:35":24,"s:113:2:113:Infinity":25,"s:115:22:115:43":26,"s:116:20:116:Infinity":27,"s:118:20:118:Infinity":28,"s:123:20:123:Infinity":29,"s:132:28:132:66":30,"s:134:2:164:Infinity":31,"s:135:48:135:71":32,"b:136:4:136:Infinity:undefined:undefined:undefined:undefined":10,"s:136:4:136:Infinity":33,"s:136:54:136:Infinity":34,"s:138:14:138:44":35,"b:139:4:139:Infinity:undefined:undefined:undefined:undefined":11,"s:139:4:139:Infinity":36,"s:139:25:139:Infinity":37,"s:141:19:145:Infinity":38,"b:141:19:141:45:141:49:145:Infinity":12,"s:146:4:146:Infinity":39,"s:147:4:147:Infinity":40,"s:148:4:148:Infinity":41,"s:150:19:154:Infinity":42,"b:150:19:150:48:150:52:154:Infinity":13,"s:155:4:155:Infinity":43,"b:156:4:156:Infinity:undefined:undefined:undefined:undefined":14,"s:156:4:156:Infinity":44,"s:156:45:156:Infinity":45,"s:157:4:157:Infinity":46,"b:159:4:164:Infinity:undefined:undefined:undefined:undefined":15,"s:159:4:164:Infinity":47,"b:159:8:159:28:159:28:159:43":16,"s:160:21:160:49":48,"s:161:23:161:57":49,"s:162:24:162:68":50,"b:162:24:162:55:162:59:162:68":17,"s:163:6:163:Infinity":51,"b:163:29:163:50:163:54:163:59":18,"s:164:6:164:Infinity":52,"s:168:50:168:52":53,"s:169:2:184:Infinity":54,"b:170:4:170:Infinity:undefined:undefined:undefined:undefined":19,"s:170:4:170:Infinity":55,"s:170:39:170:Infinity":56,"s:171:19:171:56":57,"f:171:35:171:41":5,"s:171:50:171:56":58,"s:172:19:172:Infinity":59,"b:173:4:173:Infinity:undefined:undefined:undefined:undefined":20,"s:173:4:173:Infinity":60,"s:173:41:173:Infinity":61,"s:174:22:175:Infinity":62,"s:177:4:184:Infinity":63,"s:186:2:186:Infinity":64,"f:186:21:186:27":6,"s:186:36:186:78":65,"s:188:44:188:46":66,"s:189:2:213:Infinity":67,"s:190:19:190:56":68,"f:190:35:190:41":7,"s:190:50:190:56":69,"s:191:19:191:Infinity":70,"s:192:25:192:Infinity":71,"b:193:4:193:Infinity:undefined:undefined:undefined:undefined":21,"s:193:4:193:Infinity":72,"s:193:41:193:Infinity":73,"b:195:4:203:Infinity:undefined:undefined:undefined:undefined":22,"s:195:4:203:Infinity":74,"s:196:6:202:Infinity":75,"s:203:6:203:Infinity":76,"b:206:4:213:Infinity:undefined:undefined:undefined:undefined":23,"s:206:4:213:Infinity":77,"s:207:6:213:Infinity":78,"s:216:2:219:Infinity":79,"f:216:19:216:Infinity":8,"s:218:6:218:79":80,"s:221:38:233:16":81,"f:222:5:222:10":9,"s:223:22:223:74":82,"f:223:47:223:53":10,"s:223:62:223:74":83,"s:224:27:224:65":84,"f:224:35:224:43":11,"s:224:56:224:63":85,"s:225:6:230:Infinity":86,"f:229:40:229:45":12,"s:229:53:229:Infinity":87,"f:232:5:232:11":13,"s:232:20:232:52":88,"s:235:2:244:Infinity":89,"f:248:16:248:36":14,"s:249:12:249:33":90,"b:250:2:250:Infinity:undefined:undefined:undefined:undefined":24,"s:250:2:250:Infinity":91,"s:250:55:250:Infinity":92,"b:251:2:251:Infinity:undefined:undefined:undefined:undefined":25,"s:251:2:251:Infinity":93,"s:251:57:251:Infinity":94,"b:252:2:252:Infinity:undefined:undefined:undefined:undefined":26,"s:252:2:252:Infinity":95,"s:252:53:252:Infinity":96,"b:253:2:253:Infinity:undefined:undefined:undefined:undefined":27,"s:253:2:253:Infinity":97,"s:253:47:253:Infinity":98,"b:254:2:254:Infinity:undefined:undefined:undefined:undefined":28,"s:254:2:254:Infinity":99,"s:254:51:254:Infinity":100,"s:255:2:255:Infinity":101,"f:258:9:258:26":15,"s:259:41:266:Infinity":102,"s:267:2:267:Infinity":103,"b:267:9:267:23:267:23:267:Infinity":29,"f:271:16:271:45":16,"s:279:16:279:Infinity":104,"s:280:18:280:Infinity":105,"s:281:17:281:Infinity":106,"s:282:2:293:Infinity":107},"fnNames":{}}}
,"/Users/sarthak/Desktop/fleet/email-manager/src/lib/embeddings.ts": {"path":"/Users/sarthak/Desktop/fleet/email-manager/src/lib/embeddings.ts","statementMap":{"0":{"start":{"line":1,"column":28},"end":{"line":1,"column":null}},"1":{"start":{"line":4,"column":2},"end":{"line":5,"column":null}},"2":{"start":{"line":5,"column":4},"end":{"line":5,"column":null}},"3":{"start":{"line":7,"column":2},"end":{"line":17,"column":null}},"4":{"start":{"line":11,"column":16},"end":{"line":11,"column":null}},"5":{"start":{"line":12,"column":25},"end":{"line":12,"column":null}},"6":{"start":{"line":13,"column":4},"end":{"line":17,"column":null}},"7":{"start":{"line":19,"column":2},"end":{"line":19,"column":null}},"8":{"start":{"line":23,"column":2},"end":{"line":29,"column":null}},"9":{"start":{"line":38,"column":17},"end":{"line":38,"column":57}},"10":{"start":{"line":39,"column":19},"end":{"line":39,"column":57}},"11":{"start":{"line":40,"column":2},"end":{"line":40,"column":null}},"12":{"start":{"line":44,"column":20},"end":{"line":44,"column":39}},"13":{"start":{"line":45,"column":17},"end":{"line":45,"column":76}},"14":{"start":{"line":46,"column":2},"end":{"line":46,"column":null}}},"fnMap":{"0":{"name":"getEmbedder","decl":{"start":{"line":3,"column":15},"end":{"line":3,"column":29}},"loc":{"start":{"line":3,"column":29},"end":{"line":19,"column":null}},"line":3},"1":{"name":"stripHtml","decl":{"start":{"line":22,"column":9},"end":{"line":22,"column":19}},"loc":{"start":{"line":22,"column":41},"end":{"line":29,"column":null}},"line":22},"2":{"name":"prepareEmailText","decl":{"start":{"line":32,"column":16},"end":{"line":32,"column":33}},"loc":{"start":{"line":37,"column":11},"end":{"line":40,"column":null}},"line":37},"3":{"name":"embed","decl":{"start":{"line":43,"column":22},"end":{"line":43,"column":28}},"loc":{"start":{"line":43,"column":61},"end":{"line":46,"column":null}},"line":43}},"branchMap":{"0":{"loc":{"start":{"line":4,"column":2},"end":{"line":5,"column":null}},"type":"if","locations":[{"start":{"line":4,"column":2},"end":{"line":5,"column":null}},{"start":{},"end":{}}],"line":4},"1":{"loc":{"start":{"line":7,"column":2},"end":{"line":17,"column":null}},"type":"if","locations":[{"start":{"line":7,"column":2},"end":{"line":17,"column":null}},{"start":{},"end":{}}],"line":7},"2":{"loc":{"start":{"line":39,"column":29},"end":{"line":39,"column":57}},"type":"binary-expr","locations":[{"start":{"line":39,"column":29},"end":{"line":39,"column":43}},{"start":{"line":39,"column":43},"end":{"line":39,"column":57}}],"line":39}},"s":{"0":0,"1":0,"2":0,"3":0,"4":0,"5":0,"6":0,"7":0,"8":0,"9":0,"10":0,"11":0,"12":0,"13":0,"14":0},"f":{"0":0,"1":0,"2":0,"3":0},"b":{"0":[0,0],"1":[0,0],"2":[0,0]},"meta":{"lastBranch":3,"lastFunction":4,"lastStatement":15,"seen":{"s:1:28:1:Infinity":0,"f:3:15:3:29":0,"b:4:2:5:Infinity:undefined:undefined:undefined:undefined":0,"s:4:2:5:Infinity":1,"s:5:4:5:Infinity":2,"b:7:2:17:Infinity:undefined:undefined:undefined:undefined":1,"s:7:2:17:Infinity":3,"s:11:16:11:Infinity":4,"s:12:25:12:Infinity":5,"s:13:4:17:Infinity":6,"s:19:2:19:Infinity":7,"f:22:9:22:19":1,"s:23:2:29:Infinity":8,"f:32:16:32:33":2,"s:38:17:38:57":9,"s:39:19:39:57":10,"b:39:29:39:43:39:43:39:57":2,"s:40:2:40:Infinity":11,"f:43:22:43:28":3,"s:44:20:44:39":12,"s:45:17:45:76":13,"s:46:2:46:Infinity":14},"fnNames":{}}}
,"/Users/sarthak/Desktop/fleet/email-manager/src/lib/filter-builder.ts": {"path":"/Users/sarthak/Desktop/fleet/email-manager/src/lib/filter-builder.ts","statementMap":{"0":{"start":{"line":38,"column":5},"end":{"line":67,"column":null}},"1":{"start":{"line":69,"column":28},"end":{"line":70,"column":null}},"2":{"start":{"line":73,"column":25},"end":{"line":74,"column":null}},"3":{"start":{"line":77,"column":30},"end":{"line":78,"column":null}},"4":{"start":{"line":81,"column":26},"end":{"line":82,"column":null}},"5":{"start":{"line":86,"column":2},"end":{"line":86,"column":null}},"6":{"start":{"line":90,"column":2},"end":{"line":90,"column":null}},"7":{"start":{"line":90,"column":36},"end":{"line":90,"column":54}},"8":{"start":{"line":94,"column":21},"end":{"line":94,"column":44}},"9":{"start":{"line":95,"column":8},"end":{"line":95,"column":68}},"10":{"start":{"line":96,"column":17},"end":{"line":96,"column":null}},"11":{"start":{"line":97,"column":22},"end":{"line":97,"column":null}},"12":{"start":{"line":98,"column":2},"end":{"line":98,"column":null}},"13":{"start":{"line":102,"column":15},"end":{"line":102,"column":29}},"14":{"start":{"line":103,"column":17},"end":{"line":103,"column":null}},"15":{"start":{"line":105,"column":2},"end":{"line":105,"column":null}},"16":{"start":{"line":105,"column":70},"end":{"line":105,"column":null}},"17":{"start":{"line":106,"column":2},"end":{"line":106,"column":null}},"18":{"start":{"line":106,"column":42},"end":{"line":106,"column":null}},"19":{"start":{"line":107,"column":2},"end":{"line":108,"column":null}},"20":{"start":{"line":108,"column":4},"end":{"line":108,"column":null}},"21":{"start":{"line":110,"column":2},"end":{"line":110,"column":null}},"22":{"start":{"line":110,"column":43},"end":{"line":110,"column":null}},"23":{"start":{"line":112,"column":2},"end":{"line":112,"column":null}},"24":{"start":{"line":116,"column":2},"end":{"line":116,"column":null}},"25":{"start":{"line":120,"column":2},"end":{"line":124,"column":null}},"26":{"start":{"line":128,"column":2},"end":{"line":129,"column":null}},"27":{"start":{"line":129,"column":20},"end":{"line":129,"column":32}},"28":{"start":{"line":133,"column":17},"end":{"line":133,"column":47}},"29":{"start":{"line":135,"column":2},"end":{"line":154,"column":null}},"30":{"start":{"line":136,"column":21},"end":{"line":136,"column":44}},"31":{"start":{"line":137,"column":4},"end":{"line":137,"column":null}},"32":{"start":{"line":137,"column":19},"end":{"line":137,"column":null}},"33":{"start":{"line":139,"column":19},"end":{"line":139,"column":49}},"34":{"start":{"line":140,"column":21},"end":{"line":140,"column":51}},"35":{"start":{"line":141,"column":18},"end":{"line":150,"column":null}},"36":{"start":{"line":152,"column":4},"end":{"line":152,"column":null}},"37":{"start":{"line":153,"column":4},"end":{"line":153,"column":null}},"38":{"start":{"line":154,"column":4},"end":{"line":154,"column":null}},"39":{"start":{"line":157,"column":2},"end":{"line":193,"column":null}},"40":{"start":{"line":159,"column":40},"end":{"line":159,"column":59}},"41":{"start":{"line":160,"column":6},"end":{"line":160,"column":null}},"42":{"start":{"line":160,"column":64},"end":{"line":160,"column":null}},"43":{"start":{"line":162,"column":19},"end":{"line":162,"column":null}},"44":{"start":{"line":163,"column":25},"end":{"line":163,"column":80}},"45":{"start":{"line":164,"column":27},"end":{"line":164,"column":null}},"46":{"start":{"line":165,"column":23},"end":{"line":165,"column":null}},"47":{"start":{"line":166,"column":26},"end":{"line":166,"column":null}},"48":{"start":{"line":167,"column":29},"end":{"line":170,"column":24}},"49":{"start":{"line":169,"column":24},"end":{"line":169,"column":38}},"50":{"start":{"line":172,"column":6},"end":{"line":189,"column":null}},"51":{"start":{"line":191,"column":65},"end":{"line":191,"column":84}},"52":{"start":{"line":192,"column":20},"end":{"line":192,"column":112}},"53":{"start":{"line":197,"column":16},"end":{"line":203,"column":null}},"54":{"start":{"line":205,"column":2},"end":{"line":214,"column":null}},"55":{"start":{"line":211,"column":6},"end":{"line":211,"column":null}},"56":{"start":{"line":218,"column":2},"end":{"line":224,"column":null}},"57":{"start":{"line":228,"column":2},"end":{"line":235,"column":null}},"58":{"start":{"line":240,"column":16},"end":{"line":240,"column":52}},"59":{"start":{"line":241,"column":2},"end":{"line":242,"column":null}},"60":{"start":{"line":241,"column":32},"end":{"line":241,"column":null}},"61":{"start":{"line":242,"column":7},"end":{"line":242,"column":null}},"62":{"start":{"line":243,"column":2},"end":{"line":243,"column":null}},"63":{"start":{"line":243,"column":35},"end":{"line":243,"column":null}},"64":{"start":{"line":244,"column":2},"end":{"line":244,"column":null}},"65":{"start":{"line":249,"column":2},"end":{"line":250,"column":null}},"66":{"start":{"line":250,"column":4},"end":{"line":250,"column":null}},"67":{"start":{"line":252,"column":2},"end":{"line":252,"column":null}},"68":{"start":{"line":257,"column":2},"end":{"line":257,"column":null}},"69":{"start":{"line":257,"column":32},"end":{"line":257,"column":null}},"70":{"start":{"line":258,"column":21},"end":{"line":258,"column":54}},"71":{"start":{"line":259,"column":2},"end":{"line":260,"column":null}},"72":{"start":{"line":260,"column":4},"end":{"line":260,"column":null}},"73":{"start":{"line":262,"column":23},"end":{"line":264,"column":15}},"74":{"start":{"line":263,"column":23},"end":{"line":263,"column":82}},"75":{"start":{"line":265,"column":23},"end":{"line":265,"column":null}},"76":{"start":{"line":265,"column":49},"end":{"line":265,"column":65}},"77":{"start":{"line":266,"column":2},"end":{"line":272,"column":null}},"78":{"start":{"line":277,"column":2},"end":{"line":278,"column":null}},"79":{"start":{"line":278,"column":4},"end":{"line":278,"column":null}},"80":{"start":{"line":280,"column":18},"end":{"line":280,"column":67}},"81":{"start":{"line":280,"column":53},"end":{"line":280,"column":67}},"82":{"start":{"line":281,"column":15},"end":{"line":281,"column":null}},"83":{"start":{"line":282,"column":2},"end":{"line":282,"column":null}}},"fnMap":{"0":{"name":"textFor","decl":{"start":{"line":85,"column":9},"end":{"line":85,"column":17}},"loc":{"start":{"line":85,"column":31},"end":{"line":86,"column":null}},"line":85},"1":{"name":"matchesAny","decl":{"start":{"line":89,"column":9},"end":{"line":89,"column":20}},"loc":{"start":{"line":89,"column":54},"end":{"line":90,"column":null}},"line":89},"2":{"name":"(anonymous_2)","decl":{"start":{"line":90,"column":18},"end":{"line":90,"column":24}},"loc":{"start":{"line":90,"column":36},"end":{"line":90,"column":54}},"line":90},"3":{"name":"parseSenderAddress","decl":{"start":{"line":93,"column":16},"end":{"line":93,"column":35}},"loc":{"start":{"line":93,"column":49},"end":{"line":98,"column":null}},"line":93},"4":{"name":"categoryForEmail","decl":{"start":{"line":101,"column":9},"end":{"line":101,"column":26}},"loc":{"start":{"line":101,"column":63},"end":{"line":112,"column":null}},"line":101},"5":{"name":"escapeQueryTerm","decl":{"start":{"line":115,"column":9},"end":{"line":115,"column":25}},"loc":{"start":{"line":115,"column":40},"end":{"line":116,"column":null}},"line":115},"6":{"name":"escapeXml","decl":{"start":{"line":119,"column":9},"end":{"line":119,"column":19}},"loc":{"start":{"line":119,"column":34},"end":{"line":124,"column":null}},"line":119},"7":{"name":"bestCategory","decl":{"start":{"line":127,"column":9},"end":{"line":127,"column":22}},"loc":{"start":{"line":127,"column":42},"end":{"line":129,"column":null}},"line":127},"8":{"name":"(anonymous_8)","decl":{"start":{"line":129,"column":5},"end":{"line":129,"column":11}},"loc":{"start":{"line":129,"column":20},"end":{"line":129,"column":32}},"line":129},"9":{"name":"buildGmailFilterSuggestions","decl":{"start":{"line":132,"column":16},"end":{"line":132,"column":44}},"loc":{"start":{"line":132,"column":86},"end":{"line":193,"column":null}},"line":132},"10":{"name":"(anonymous_10)","decl":{"start":{"line":158,"column":5},"end":{"line":158,"column":10}},"loc":{"start":{"line":158,"column":50},"end":{"line":190,"column":null}},"line":158},"11":{"name":"(anonymous_11)","decl":{"start":{"line":169,"column":9},"end":{"line":169,"column":14}},"loc":{"start":{"line":169,"column":24},"end":{"line":169,"column":38}},"line":169},"12":{"name":"(anonymous_12)","decl":{"start":{"line":191,"column":5},"end":{"line":191,"column":13}},"loc":{"start":{"line":191,"column":65},"end":{"line":191,"column":84}},"line":191},"13":{"name":"(anonymous_13)","decl":{"start":{"line":192,"column":5},"end":{"line":192,"column":11}},"loc":{"start":{"line":192,"column":20},"end":{"line":192,"column":112}},"line":192},"14":{"name":"filterEntryXml","decl":{"start":{"line":196,"column":9},"end":{"line":196,"column":24}},"loc":{"start":{"line":196,"column":59},"end":{"line":214,"column":null}},"line":196},"15":{"name":"(anonymous_15)","decl":{"start":{"line":210,"column":13},"end":{"line":210,"column":18}},"loc":{"start":{"line":211,"column":6},"end":{"line":211,"column":null}},"line":211},"16":{"name":"buildGmailFilterXml","decl":{"start":{"line":217,"column":16},"end":{"line":217,"column":36}},"loc":{"start":{"line":217,"column":74},"end":{"line":224,"column":null}},"line":217},"17":{"name":"buildFilterRecipe","decl":{"start":{"line":227,"column":16},"end":{"line":227,"column":34}},"loc":{"start":{"line":227,"column":69},"end":{"line":235,"column":null}},"line":227},"18":{"name":"suggestedActionLines","decl":{"start":{"line":239,"column":16},"end":{"line":239,"column":37}},"loc":{"start":{"line":239,"column":82},"end":{"line":244,"column":null}},"line":239},"19":{"name":"archiveImpactLabel","decl":{"start":{"line":248,"column":16},"end":{"line":248,"column":35}},"loc":{"start":{"line":248,"column":78},"end":{"line":252,"column":null}},"line":248},"20":{"name":"buildSelectedRecipeSummary","decl":{"start":{"line":256,"column":16},"end":{"line":256,"column":43}},"loc":{"start":{"line":256,"column":89},"end":{"line":272,"column":null}},"line":256},"21":{"name":"(anonymous_21)","decl":{"start":{"line":263,"column":5},"end":{"line":263,"column":10}},"loc":{"start":{"line":263,"column":23},"end":{"line":263,"column":82}},"line":263},"22":{"name":"(anonymous_22)","decl":{"start":{"line":265,"column":35},"end":{"line":265,"column":43}},"loc":{"start":{"line":265,"column":49},"end":{"line":265,"column":65}},"line":265},"23":{"name":"buildRecipeExplanation","decl":{"start":{"line":276,"column":16},"end":{"line":276,"column":39}},"loc":{"start":{"line":276,"column":85},"end":{"line":282,"column":null}},"line":276},"24":{"name":"(anonymous_24)","decl":{"start":{"line":280,"column":42},"end":{"line":280,"column":47}},"loc":{"start":{"line":280,"column":53},"end":{"line":280,"column":67}},"line":280}},"branchMap":{"0":{"loc":{"start":{"line":95,"column":23},"end":{"line":95,"column":48}},"type":"binary-expr","locations":[{"start":{"line":95,"column":23},"end":{"line":95,"column":42}},{"start":{"line":95,"column":42},"end":{"line":95,"column":48}}],"line":95},"1":{"loc":{"start":{"line":96,"column":17},"end":{"line":96,"column":null}},"type":"binary-expr","locations":[{"start":{"line":96,"column":17},"end":{"line":96,"column":52}},{"start":{"line":96,"column":52},"end":{"line":96,"column":null}}],"line":96},"2":{"loc":{"start":{"line":97,"column":22},"end":{"line":97,"column":null}},"type":"binary-expr","locations":[{"start":{"line":97,"column":22},"end":{"line":97,"column":77}},{"start":{"line":97,"column":81},"end":{"line":97,"column":null}}],"line":97},"3":{"loc":{"start":{"line":105,"column":2},"end":{"line":105,"column":null}},"type":"if","locations":[{"start":{"line":105,"column":2},"end":{"line":105,"column":null}},{"start":{},"end":{}}],"line":105},"4":{"loc":{"start":{"line":105,"column":6},"end":{"line":105,"column":68}},"type":"binary-expr","locations":[{"start":{"line":105,"column":6},"end":{"line":105,"column":31}},{"start":{"line":105,"column":31},"end":{"line":105,"column":68}}],"line":105},"5":{"loc":{"start":{"line":106,"column":2},"end":{"line":106,"column":null}},"type":"if","locations":[{"start":{"line":106,"column":2},"end":{"line":106,"column":null}},{"start":{},"end":{}}],"line":106},"6":{"loc":{"start":{"line":107,"column":2},"end":{"line":108,"column":null}},"type":"if","locations":[{"start":{"line":107,"column":2},"end":{"line":108,"column":null}},{"start":{},"end":{}}],"line":107},"7":{"loc":{"start":{"line":107,"column":6},"end":{"line":107,"column":106}},"type":"binary-expr","locations":[{"start":{"line":107,"column":6},"end":{"line":107,"column":33}},{"start":{"line":107,"column":37},"end":{"line":107,"column":63}},{"start":{"line":107,"column":67},"end":{"line":107,"column":106}}],"line":107},"8":{"loc":{"start":{"line":110,"column":2},"end":{"line":110,"column":null}},"type":"if","locations":[{"start":{"line":110,"column":2},"end":{"line":110,"column":null}},{"start":{},"end":{}}],"line":110},"9":{"loc":{"start":{"line":137,"column":4},"end":{"line":137,"column":null}},"type":"if","locations":[{"start":{"line":137,"column":4},"end":{"line":137,"column":null}},{"start":{},"end":{}}],"line":137},"10":{"loc":{"start":{"line":141,"column":18},"end":{"line":150,"column":null}},"type":"binary-expr","locations":[{"start":{"line":141,"column":18},"end":{"line":141,"column":30}},{"start":{"line":141,"column":30},"end":{"line":150,"column":null}}],"line":141},"11":{"loc":{"start":{"line":160,"column":6},"end":{"line":160,"column":null}},"type":"if","locations":[{"start":{"line":160,"column":6},"end":{"line":160,"column":null}},{"start":{},"end":{}}],"line":160},"12":{"loc":{"start":{"line":160,"column":10},"end":{"line":160,"column":64}},"type":"binary-expr","locations":[{"start":{"line":160,"column":10},"end":{"line":160,"column":37}},{"start":{"line":160,"column":37},"end":{"line":160,"column":64}}],"line":160},"13":{"loc":{"start":{"line":192,"column":20},"end":{"line":192,"column":112}},"type":"binary-expr","locations":[{"start":{"line":192,"column":20},"end":{"line":192,"column":51}},{"start":{"line":192,"column":51},"end":{"line":192,"column":82}},{"start":{"line":192,"column":82},"end":{"line":192,"column":112}}],"line":192},"14":{"loc":{"start":{"line":241,"column":2},"end":{"line":242,"column":null}},"type":"if","locations":[{"start":{"line":241,"column":2},"end":{"line":242,"column":null}},{"start":{"line":242,"column":7},"end":{"line":242,"column":null}}],"line":241},"15":{"loc":{"start":{"line":243,"column":2},"end":{"line":243,"column":null}},"type":"if","locations":[{"start":{"line":243,"column":2},"end":{"line":243,"column":null}},{"start":{},"end":{}}],"line":243},"16":{"loc":{"start":{"line":249,"column":2},"end":{"line":250,"column":null}},"type":"if","locations":[{"start":{"line":249,"column":2},"end":{"line":250,"column":null}},{"start":{},"end":{}}],"line":249},"17":{"loc":{"start":{"line":250,"column":54},"end":{"line":250,"column":93}},"type":"cond-expr","locations":[{"start":{"line":250,"column":84},"end":{"line":250,"column":89}},{"start":{"line":250,"column":89},"end":{"line":250,"column":93}}],"line":250},"18":{"loc":{"start":{"line":252,"column":53},"end":{"line":252,"column":92}},"type":"cond-expr","locations":[{"start":{"line":252,"column":83},"end":{"line":252,"column":88}},{"start":{"line":252,"column":88},"end":{"line":252,"column":92}}],"line":252},"19":{"loc":{"start":{"line":257,"column":2},"end":{"line":257,"column":null}},"type":"if","locations":[{"start":{"line":257,"column":2},"end":{"line":257,"column":null}},{"start":{},"end":{}}],"line":257},"20":{"loc":{"start":{"line":260,"column":32},"end":{"line":260,"column":67}},"type":"binary-expr","locations":[{"start":{"line":260,"column":32},"end":{"line":260,"column":58}},{"start":{"line":260,"column":62},"end":{"line":260,"column":67}}],"line":260},"21":{"loc":{"start":{"line":267,"column":35},"end":{"line":267,"column":71}},"type":"cond-expr","locations":[{"start":{"line":267,"column":62},"end":{"line":267,"column":67}},{"start":{"line":267,"column":67},"end":{"line":267,"column":71}}],"line":267},"22":{"loc":{"start":{"line":268,"column":4},"end":{"line":270,"column":null}},"type":"cond-expr","locations":[{"start":{"line":269,"column":8},"end":{"line":269,"column":null}},{"start":{"line":270,"column":8},"end":{"line":270,"column":null}}],"line":268},"23":{"loc":{"start":{"line":277,"column":2},"end":{"line":278,"column":null}},"type":"if","locations":[{"start":{"line":277,"column":2},"end":{"line":278,"column":null}},{"start":{},"end":{}}],"line":277},"24":{"loc":{"start":{"line":281,"column":15},"end":{"line":281,"column":null}},"type":"cond-expr","locations":[{"start":{"line":281,"column":40},"end":{"line":281,"column":80}},{"start":{"line":281,"column":80},"end":{"line":281,"column":null}}],"line":281}},"s":{"0":1,"1":1,"2":1,"3":1,"4":1,"5":8,"6":12,"7":12,"8":18,"9":18,"10":18,"11":18,"12":18,"13":8,"14":8,"15":8,"16":6,"17":2,"18":2,"19":1,"20":0,"21":1,"22":0,"23":1,"24":3,"25":6,"26":4,"27":14,"28":5,"29":5,"30":8,"31":8,"32":1,"33":7,"34":7,"35":7,"36":8,"37":8,"38":8,"39":5,"40":4,"41":4,"42":1,"43":3,"44":3,"45":3,"46":3,"47":3,"48":3,"49":6,"50":3,"51":4,"52":0,"53":1,"54":1,"55":5,"56":1,"57":0,"58":0,"59":0,"60":0,"61":0,"62":0,"63":0,"64":0,"65":0,"66":0,"67":0,"68":2,"69":1,"70":1,"71":1,"72":1,"73":1,"74":1,"75":1,"76":1,"77":1,"78":0,"79":0,"80":0,"81":0,"82":0,"83":0},"f":{"0":8,"1":12,"2":12,"3":18,"4":8,"5":3,"6":6,"7":4,"8":14,"9":5,"10":4,"11":6,"12":4,"13":0,"14":1,"15":5,"16":1,"17":0,"18":0,"19":0,"20":2,"21":1,"22":1,"23":0,"24":0},"b":{"0":[18,5],"1":[18,1],"2":[18,0],"3":[6,2],"4":[8,8],"5":[1,1],"6":[0,1],"7":[1,1,1],"8":[0,1],"9":[1,7],"10":[7,4],"11":[1,3],"12":[4,1],"13":[0,0,0],"14":[0,0],"15":[0,0],"16":[0,0],"17":[0,0],"18":[0,0],"19":[1,1],"20":[1,1],"21":[1,0],"22":[1,0],"23":[0,0],"24":[0,0]},"meta":{"lastBranch":25,"lastFunction":25,"lastStatement":84,"seen":{"s:38:5:67:Infinity":0,"s:69:28:70:Infinity":1,"s:73:25:74:Infinity":2,"s:77:30:78:Infinity":3,"s:81:26:82:Infinity":4,"f:85:9:85:17":0,"s:86:2:86:Infinity":5,"f:89:9:89:20":1,"s:90:2:90:Infinity":6,"f:90:18:90:24":2,"s:90:36:90:54":7,"f:93:16:93:35":3,"s:94:21:94:44":8,"s:95:8:95:68":9,"b:95:23:95:42:95:42:95:48":0,"s:96:17:96:Infinity":10,"b:96:17:96:52:96:52:96:Infinity":1,"s:97:22:97:Infinity":11,"b:97:22:97:77:97:81:97:Infinity":2,"s:98:2:98:Infinity":12,"f:101:9:101:26":4,"s:102:15:102:29":13,"s:103:17:103:Infinity":14,"b:105:2:105:Infinity:undefined:undefined:undefined:undefined":3,"s:105:2:105:Infinity":15,"b:105:6:105:31:105:31:105:68":4,"s:105:70:105:Infinity":16,"b:106:2:106:Infinity:undefined:undefined:undefined:undefined":5,"s:106:2:106:Infinity":17,"s:106:42:106:Infinity":18,"b:107:2:108:Infinity:undefined:undefined:undefined:undefined":6,"s:107:2:108:Infinity":19,"b:107:6:107:33:107:37:107:63:107:67:107:106":7,"s:108:4:108:Infinity":20,"b:110:2:110:Infinity:undefined:undefined:undefined:undefined":8,"s:110:2:110:Infinity":21,"s:110:43:110:Infinity":22,"s:112:2:112:Infinity":23,"f:115:9:115:25":5,"s:116:2:116:Infinity":24,"f:119:9:119:19":6,"s:120:2:124:Infinity":25,"f:127:9:127:22":7,"s:128:2:129:Infinity":26,"f:129:5:129:11":8,"s:129:20:129:32":27,"f:132:16:132:44":9,"s:133:17:133:47":28,"s:135:2:154:Infinity":29,"s:136:21:136:44":30,"b:137:4:137:Infinity:undefined:undefined:undefined:undefined":9,"s:137:4:137:Infinity":31,"s:137:19:137:Infinity":32,"s:139:19:139:49":33,"s:140:21:140:51":34,"s:141:18:150:Infinity":35,"b:141:18:141:30:141:30:150:Infinity":10,"s:152:4:152:Infinity":36,"s:153:4:153:Infinity":37,"s:154:4:154:Infinity":38,"s:157:2:193:Infinity":39,"f:158:5:158:10":10,"s:159:40:159:59":40,"b:160:6:160:Infinity:undefined:undefined:undefined:undefined":11,"s:160:6:160:Infinity":41,"b:160:10:160:37:160:37:160:64":12,"s:160:64:160:Infinity":42,"s:162:19:162:Infinity":43,"s:163:25:163:80":44,"s:164:27:164:Infinity":45,"s:165:23:165:Infinity":46,"s:166:26:166:Infinity":47,"s:167:29:170:24":48,"f:169:9:169:14":11,"s:169:24:169:38":49,"s:172:6:189:Infinity":50,"f:191:5:191:13":12,"s:191:65:191:84":51,"f:192:5:192:11":13,"s:192:20:192:112":52,"b:192:20:192:51:192:51:192:82:192:82:192:112":13,"f:196:9:196:24":14,"s:197:16:203:Infinity":53,"s:205:2:214:Infinity":54,"f:210:13:210:18":15,"s:211:6:211:Infinity":55,"f:217:16:217:36":16,"s:218:2:224:Infinity":56,"f:227:16:227:34":17,"s:228:2:235:Infinity":57,"f:239:16:239:37":18,"s:240:16:240:52":58,"b:241:2:242:Infinity:242:7:242:Infinity":14,"s:241:2:242:Infinity":59,"s:241:32:241:Infinity":60,"s:242:7:242:Infinity":61,"b:243:2:243:Infinity:undefined:undefined:undefined:undefined":15,"s:243:2:243:Infinity":62,"s:243:35:243:Infinity":63,"s:244:2:244:Infinity":64,"f:248:16:248:35":19,"b:249:2:250:Infinity:undefined:undefined:undefined:undefined":16,"s:249:2:250:Infinity":65,"s:250:4:250:Infinity":66,"b:250:84:250:89:250:89:250:93":17,"s:252:2:252:Infinity":67,"b:252:83:252:88:252:88:252:92":18,"f:256:16:256:43":20,"b:257:2:257:Infinity:undefined:undefined:undefined:undefined":19,"s:257:2:257:Infinity":68,"s:257:32:257:Infinity":69,"s:258:21:258:54":70,"s:259:2:260:Infinity":71,"s:260:4:260:Infinity":72,"b:260:32:260:58:260:62:260:67":20,"s:262:23:264:15":73,"f:263:5:263:10":21,"s:263:23:263:82":74,"s:265:23:265:Infinity":75,"f:265:35:265:43":22,"s:265:49:265:65":76,"s:266:2:272:Infinity":77,"b:267:62:267:67:267:67:267:71":21,"b:269:8:269:Infinity:270:8:270:Infinity":22,"f:276:16:276:39":23,"b:277:2:278:Infinity:undefined:undefined:undefined:undefined":23,"s:277:2:278:Infinity":78,"s:278:4:278:Infinity":79,"s:280:18:280:67":80,"f:280:42:280:47":24,"s:280:53:280:67":81,"s:281:15:281:Infinity":82,"b:281:40:281:80:281:80:281:Infinity":24,"s:282:2:282:Infinity":83},"fnNames":{}}}
,"/Users/sarthak/Desktop/fleet/email-manager/src/lib/foundry-monitoring.ts": {"path":"/Users/sarthak/Desktop/fleet/email-manager/src/lib/foundry-monitoring.ts","statementMap":{"0":{"start":{"line":1,"column":0},"end":{"line":1,"column":null}},"1":{"start":{"line":5,"column":21},"end":{"line":5,"column":null}},"2":{"start":{"line":7,"column":2},"end":{"line":7,"column":null}},"3":{"start":{"line":8,"column":21},"end":{"line":8,"column":null}},"4":{"start":{"line":11,"column":2},"end":{"line":11,"column":null}},"5":{"start":{"line":11,"column":37},"end":{"line":11,"column":null}},"6":{"start":{"line":12,"column":2},"end":{"line":12,"column":null}},"7":{"start":{"line":16,"column":2},"end":{"line":16,"column":null}},"8":{"start":{"line":16,"column":30},"end":{"line":16,"column":null}},"9":{"start":{"line":17,"column":2},"end":{"line":17,"column":null}},"10":{"start":{"line":17,"column":33},"end":{"line":17,"column":null}},"11":{"start":{"line":18,"column":2},"end":{"line":18,"column":null}},"12":{"start":{"line":22,"column":2},"end":{"line":28,"column":null}},"13":{"start":{"line":42,"column":2},"end":{"line":52,"column":null}},"14":{"start":{"line":43,"column":4},"end":{"line":51,"column":null}},"15":{"start":{"line":58,"column":2},"end":{"line":58,"column":null}},"16":{"start":{"line":58,"column":37},"end":{"line":58,"column":null}},"17":{"start":{"line":59,"column":2},"end":{"line":59,"column":null}},"18":{"start":{"line":61,"column":8},"end":{"line":61,"column":103}},"19":{"start":{"line":61,"column":41},"end":{"line":61,"column":103}},"20":{"start":{"line":62,"column":8},"end":{"line":62,"column":118}},"21":{"start":{"line":62,"column":65},"end":{"line":62,"column":118}},"22":{"start":{"line":64,"column":2},"end":{"line":64,"column":null}},"23":{"start":{"line":65,"column":2},"end":{"line":65,"column":null}},"24":{"start":{"line":67,"column":2},"end":{"line":69,"column":null}},"25":{"start":{"line":68,"column":4},"end":{"line":68,"column":null}},"26":{"start":{"line":69,"column":4},"end":{"line":69,"column":null}}},"fnMap":{"0":{"name":"route","decl":{"start":{"line":10,"column":9},"end":{"line":10,"column":17}},"loc":{"start":{"line":10,"column":17},"end":{"line":12,"column":null}},"line":10},"1":{"name":"messageFrom","decl":{"start":{"line":15,"column":9},"end":{"line":15,"column":21}},"loc":{"start":{"line":15,"column":37},"end":{"line":18,"column":null}},"line":15},"2":{"name":"capturePageCrash","decl":{"start":{"line":21,"column":16},"end":{"line":21,"column":33}},"loc":{"start":{"line":21,"column":97},"end":{"line":28,"column":null}},"line":21},"3":{"name":"captureError","decl":{"start":{"line":38,"column":16},"end":{"line":38,"column":null}},"loc":{"start":{"line":41,"column":2},"end":{"line":52,"column":null}},"line":41},"4":{"name":"installBrowserMonitoring","decl":{"start":{"line":57,"column":16},"end":{"line":57,"column":43}},"loc":{"start":{"line":57,"column":43},"end":{"line":69,"column":null}},"line":57},"5":{"name":"(anonymous_5)","decl":{"start":{"line":58,"column":37},"end":{"line":58,"column":50}},"loc":{"start":{"line":58,"column":50},"end":{"line":58,"column":null}},"line":58},"6":{"name":"(anonymous_6)","decl":{"start":{"line":61,"column":8},"end":{"line":61,"column":19}},"loc":{"start":{"line":61,"column":41},"end":{"line":61,"column":103}},"line":61},"7":{"name":"(anonymous_7)","decl":{"start":{"line":62,"column":8},"end":{"line":62,"column":32}},"loc":{"start":{"line":62,"column":65},"end":{"line":62,"column":118}},"line":62},"8":{"name":"(anonymous_8)","decl":{"start":{"line":67,"column":2},"end":{"line":67,"column":15}},"loc":{"start":{"line":67,"column":15},"end":{"line":69,"column":null}},"line":67}},"branchMap":{"0":{"loc":{"start":{"line":7,"column":2},"end":{"line":7,"column":null}},"type":"binary-expr","locations":[{"start":{"line":7,"column":2},"end":{"line":7,"column":38}},{"start":{"line":7,"column":38},"end":{"line":7,"column":null}}],"line":7},"1":{"loc":{"start":{"line":11,"column":2},"end":{"line":11,"column":null}},"type":"if","locations":[{"start":{"line":11,"column":2},"end":{"line":11,"column":null}},{"start":{},"end":{}}],"line":11},"2":{"loc":{"start":{"line":16,"column":2},"end":{"line":16,"column":null}},"type":"if","locations":[{"start":{"line":16,"column":2},"end":{"line":16,"column":null}},{"start":{},"end":{}}],"line":16},"3":{"loc":{"start":{"line":17,"column":2},"end":{"line":17,"column":null}},"type":"if","locations":[{"start":{"line":17,"column":2},"end":{"line":17,"column":null}},{"start":{},"end":{}}],"line":17},"4":{"loc":{"start":{"line":27,"column":11},"end":{"line":27,"column":null}},"type":"cond-expr","locations":[{"start":{"line":27,"column":36},"end":{"line":27,"column":50}},{"start":{"line":27,"column":50},"end":{"line":27,"column":null}}],"line":27},"5":{"loc":{"start":{"line":40,"column":2},"end":{"line":40,"column":80}},"type":"default-arg","locations":[{"start":{"line":40,"column":78},"end":{"line":40,"column":80}}],"line":40},"6":{"loc":{"start":{"line":46,"column":13},"end":{"line":46,"column":null}},"type":"binary-expr","locations":[{"start":{"line":46,"column":13},"end":{"line":46,"column":30}},{"start":{"line":46,"column":30},"end":{"line":46,"column":null}}],"line":46},"7":{"loc":{"start":{"line":48,"column":14},"end":{"line":48,"column":null}},"type":"binary-expr","locations":[{"start":{"line":48,"column":14},"end":{"line":48,"column":32}},{"start":{"line":48,"column":32},"end":{"line":48,"column":null}}],"line":48},"8":{"loc":{"start":{"line":50,"column":13},"end":{"line":50,"column":null}},"type":"cond-expr","locations":[{"start":{"line":50,"column":38},"end":{"line":50,"column":52}},{"start":{"line":50,"column":52},"end":{"line":50,"column":null}}],"line":50},"9":{"loc":{"start":{"line":58,"column":2},"end":{"line":58,"column":null}},"type":"if","locations":[{"start":{"line":58,"column":2},"end":{"line":58,"column":null}},{"start":{},"end":{}}],"line":58},"10":{"loc":{"start":{"line":61,"column":58},"end":{"line":61,"column":88}},"type":"binary-expr","locations":[{"start":{"line":61,"column":58},"end":{"line":61,"column":73}},{"start":{"line":61,"column":73},"end":{"line":61,"column":88}}],"line":61}},"s":{"0":0,"1":0,"2":0,"3":0,"4":0,"5":0,"6":0,"7":0,"8":0,"9":0,"10":0,"11":0,"12":0,"13":0,"14":0,"15":0,"16":0,"17":0,"18":0,"19":0,"20":0,"21":0,"22":0,"23":0,"24":0,"25":0,"26":0},"f":{"0":0,"1":0,"2":0,"3":0,"4":0,"5":0,"6":0,"7":0,"8":0},"b":{"0":[0,0],"1":[0,0],"2":[0,0],"3":[0,0],"4":[0,0],"5":[0],"6":[0,0],"7":[0,0],"8":[0,0],"9":[0,0],"10":[0,0]},"meta":{"lastBranch":11,"lastFunction":9,"lastStatement":27,"seen":{"s:1:0:1:Infinity":0,"s:5:21:5:Infinity":1,"s:7:2:7:Infinity":2,"b:7:2:7:38:7:38:7:Infinity":0,"s:8:21:8:Infinity":3,"f:10:9:10:17":0,"b:11:2:11:Infinity:undefined:undefined:undefined:undefined":1,"s:11:2:11:Infinity":4,"s:11:37:11:Infinity":5,"s:12:2:12:Infinity":6,"f:15:9:15:21":1,"b:16:2:16:Infinity:undefined:undefined:undefined:undefined":2,"s:16:2:16:Infinity":7,"s:16:30:16:Infinity":8,"b:17:2:17:Infinity:undefined:undefined:undefined:undefined":3,"s:17:2:17:Infinity":9,"s:17:33:17:Infinity":10,"s:18:2:18:Infinity":11,"f:21:16:21:33":2,"s:22:2:28:Infinity":12,"b:27:36:27:50:27:50:27:Infinity":4,"f:38:16:38:Infinity":3,"b:40:78:40:80":5,"s:42:2:52:Infinity":13,"s:43:4:51:Infinity":14,"b:46:13:46:30:46:30:46:Infinity":6,"b:48:14:48:32:48:32:48:Infinity":7,"b:50:38:50:52:50:52:50:Infinity":8,"f:57:16:57:43":4,"b:58:2:58:Infinity:undefined:undefined:undefined:undefined":9,"s:58:2:58:Infinity":15,"s:58:37:58:Infinity":16,"f:58:37:58:50":5,"s:59:2:59:Infinity":17,"s:61:8:61:103":18,"f:61:8:61:19":6,"s:61:41:61:103":19,"b:61:58:61:73:61:73:61:88":10,"s:62:8:62:118":20,"f:62:8:62:32":7,"s:62:65:62:118":21,"s:64:2:64:Infinity":22,"s:65:2:65:Infinity":23,"s:67:2:69:Infinity":24,"f:67:2:67:15":8,"s:68:4:68:Infinity":25,"s:69:4:69:Infinity":26},"fnNames":{}}}
,"/Users/sarthak/Desktop/fleet/email-manager/src/lib/get-access-token.ts": {"path":"/Users/sarthak/Desktop/fleet/email-manager/src/lib/get-access-token.ts","statementMap":{"0":{"start":{"line":7,"column":8},"end":{"line":7,"column":30}},"1":{"start":{"line":8,"column":18},"end":{"line":8,"column":56}},"2":{"start":{"line":9,"column":2},"end":{"line":9,"column":null}},"3":{"start":{"line":9,"column":26},"end":{"line":9,"column":null}},"4":{"start":{"line":17,"column":2},"end":{"line":28,"column":null}},"5":{"start":{"line":18,"column":19},"end":{"line":21,"column":6}},"6":{"start":{"line":22,"column":4},"end":{"line":22,"column":null}},"7":{"start":{"line":24,"column":4},"end":{"line":27,"column":null}},"8":{"start":{"line":28,"column":4},"end":{"line":28,"column":null}}},"fnMap":{"0":{"name":"getGmailAccessToken","decl":{"start":{"line":3,"column":22},"end":{"line":3,"column":null}},"loc":{"start":{"line":6,"column":26},"end":{"line":28,"column":null}},"line":6}},"branchMap":{"0":{"loc":{"start":{"line":9,"column":2},"end":{"line":9,"column":null}},"type":"if","locations":[{"start":{"line":9,"column":2},"end":{"line":9,"column":null}},{"start":{},"end":{}}],"line":9},"1":{"loc":{"start":{"line":22,"column":11},"end":{"line":22,"column":null}},"type":"binary-expr","locations":[{"start":{"line":22,"column":11},"end":{"line":22,"column":34}},{"start":{"line":22,"column":34},"end":{"line":22,"column":null}}],"line":22},"2":{"loc":{"start":{"line":26,"column":6},"end":{"line":26,"column":null}},"type":"cond-expr","locations":[{"start":{"line":26,"column":29},"end":{"line":26,"column":43}},{"start":{"line":26,"column":43},"end":{"line":26,"column":null}}],"line":26}},"s":{"0":0,"1":0,"2":0,"3":0,"4":0,"5":0,"6":0,"7":0,"8":0},"f":{"0":0},"b":{"0":[0,0],"1":[0,0],"2":[0,0]},"meta":{"lastBranch":3,"lastFunction":1,"lastStatement":9,"seen":{"f:3:22:3:Infinity":0,"s:7:8:7:30":0,"s:8:18:8:56":1,"b:9:2:9:Infinity:undefined:undefined:undefined:undefined":0,"s:9:2:9:Infinity":2,"s:9:26:9:Infinity":3,"s:17:2:28:Infinity":4,"s:18:19:21:6":5,"s:22:4:22:Infinity":6,"b:22:11:22:34:22:34:22:Infinity":1,"s:24:4:27:Infinity":7,"b:26:29:26:43:26:43:26:Infinity":2,"s:28:4:28:Infinity":8},"fnNames":{}}}
,"/Users/sarthak/Desktop/fleet/email-manager/src/lib/gmail.ts": {"path":"/Users/sarthak/Desktop/fleet/email-manager/src/lib/gmail.ts","statementMap":{"0":{"start":{"line":1,"column":18},"end":{"line":1,"column":null}},"1":{"start":{"line":4,"column":2},"end":{"line":4,"column":null}},"2":{"start":{"line":12,"column":2},"end":{"line":28,"column":null}},"3":{"start":{"line":12,"column":21},"end":{"line":12,"column":24}},"4":{"start":{"line":13,"column":16},"end":{"line":16,"column":6}},"5":{"start":{"line":17,"column":4},"end":{"line":20,"column":null}},"6":{"start":{"line":19,"column":6},"end":{"line":19,"column":null}},"7":{"start":{"line":19,"column":31},"end":{"line":19,"column":65}},"8":{"start":{"line":20,"column":6},"end":{"line":20,"column":null}},"9":{"start":{"line":22,"column":4},"end":{"line":26,"column":null}},"10":{"start":{"line":23,"column":23},"end":{"line":23,"column":78}},"11":{"start":{"line":24,"column":6},"end":{"line":24,"column":null}},"12":{"start":{"line":25,"column":6},"end":{"line":25,"column":null}},"13":{"start":{"line":25,"column":12},"end":{"line":25,"column":52}},"14":{"start":{"line":26,"column":6},"end":{"line":26,"column":null}},"15":{"start":{"line":28,"column":4},"end":{"line":28,"column":null}},"16":{"start":{"line":30,"column":19},"end":{"line":30,"column":80}},"17":{"start":{"line":31,"column":2},"end":{"line":31,"column":null}},"18":{"start":{"line":32,"column":2},"end":{"line":32,"column":null}},"19":{"start":{"line":50,"column":17},"end":{"line":50,"column":59}},"20":{"start":{"line":51,"column":17},"end":{"line":51,"column":67}},"21":{"start":{"line":52,"column":17},"end":{"line":52,"column":29}},"22":{"start":{"line":53,"column":16},"end":{"line":53,"column":45}},"23":{"start":{"line":54,"column":2},"end":{"line":55,"column":null}},"24":{"start":{"line":54,"column":15},"end":{"line":54,"column":18}},"25":{"start":{"line":55,"column":4},"end":{"line":55,"column":null}},"26":{"start":{"line":57,"column":2},"end":{"line":57,"column":null}},"27":{"start":{"line":61,"column":2},"end":{"line":62,"column":null}},"28":{"start":{"line":62,"column":4},"end":{"line":62,"column":null}},"29":{"start":{"line":64,"column":2},"end":{"line":76,"column":null}},"30":{"start":{"line":65,"column":4},"end":{"line":67,"column":null}},"31":{"start":{"line":66,"column":6},"end":{"line":67,"column":null}},"32":{"start":{"line":67,"column":8},"end":{"line":67,"column":null}},"33":{"start":{"line":70,"column":4},"end":{"line":76,"column":null}},"34":{"start":{"line":71,"column":6},"end":{"line":72,"column":null}},"35":{"start":{"line":72,"column":8},"end":{"line":72,"column":null}},"36":{"start":{"line":74,"column":6},"end":{"line":76,"column":null}},"37":{"start":{"line":75,"column":23},"end":{"line":75,"column":39}},"38":{"start":{"line":76,"column":8},"end":{"line":76,"column":null}},"39":{"start":{"line":76,"column":20},"end":{"line":76,"column":null}},"40":{"start":{"line":80,"column":2},"end":{"line":80,"column":null}},"41":{"start":{"line":84,"column":2},"end":{"line":84,"column":null}},"42":{"start":{"line":84,"column":35},"end":{"line":84,"column":78}},"43":{"start":{"line":88,"column":15},"end":{"line":88,"column":41}},"44":{"start":{"line":89,"column":22},"end":{"line":89,"column":57}},"45":{"start":{"line":90,"column":26},"end":{"line":90,"column":66}},"46":{"start":{"line":91,"column":39},"end":{"line":91,"column":null}},"47":{"start":{"line":93,"column":2},"end":{"line":101,"column":null}},"48":{"start":{"line":94,"column":22},"end":{"line":94,"column":63}},"49":{"start":{"line":95,"column":24},"end":{"line":95,"column":61}},"50":{"start":{"line":98,"column":4},"end":{"line":101,"column":null}},"51":{"start":{"line":99,"column":6},"end":{"line":99,"column":null}},"52":{"start":{"line":100,"column":15},"end":{"line":101,"column":null}},"53":{"start":{"line":101,"column":6},"end":{"line":101,"column":null}},"54":{"start":{"line":105,"column":2},"end":{"line":117,"column":null}},"55":{"start":{"line":124,"column":25},"end":{"line":124,"column":null}},"56":{"start":{"line":130,"column":17},"end":{"line":130,"column":38}},"57":{"start":{"line":131,"column":2},"end":{"line":131,"column":null}},"58":{"start":{"line":132,"column":2},"end":{"line":132,"column":null}},"59":{"start":{"line":132,"column":17},"end":{"line":132,"column":null}},"60":{"start":{"line":133,"column":2},"end":{"line":133,"column":null}},"61":{"start":{"
[...]
,"/Users/sarthak/Desktop/fleet/email-manager/src/lib/triage.ts": {"path":"/Users/sarthak/Desktop/fleet/email-manager/src/lib/triage.ts","statementMap":{"0":{"start":{"line":24,"column":24},"end":{"line":26,"column":null}},"1":{"start":{"line":29,"column":24},"end":{"line":30,"column":null}},"2":{"start":{"line":33,"column":26},"end":{"line":34,"column":null}},"3":{"start":{"line":37,"column":21},"end":{"line":38,"column":null}},"4":{"start":{"line":42,"column":2},"end":{"line":42,"column":null}},"5":{"start":{"line":46,"column":2},"end":{"line":46,"column":null}},"6":{"start":{"line":50,"column":2},"end":{"line":50,"column":null}},"7":{"start":{"line":50,"column":19},"end":{"line":50,"column":null}},"8":{"start":{"line":51,"column":2},"end":{"line":51,"column":null}},"9":{"start":{"line":51,"column":19},"end":{"line":51,"column":null}},"10":{"start":{"line":52,"column":2},"end":{"line":52,"column":null}},"11":{"start":{"line":56,"column":2},"end":{"line":56,"column":null}},"12":{"start":{"line":56,"column":36},"end":{"line":56,"column":54}},"13":{"start":{"line":60,"column":2},"end":{"line":66,"column":null}},"14":{"start":{"line":70,"column":16},"end":{"line":115,"column":null}},"15":{"start":{"line":71,"column":17},"end":{"line":71,"column":31}},"16":{"start":{"line":72,"column":19},"end":{"line":72,"column":52}},"17":{"start":{"line":73,"column":20},"end":{"line":73,"column":54}},"18":{"start":{"line":74,"column":26},"end":{"line":74,"column":59}},"19":{"start":{"line":75,"column":19},"end":{"line":75,"column":52}},"20":{"start":{"line":76,"column":22},"end":{"line":76,"column":57}},"21":{"start":{"line":77,"column":17},"end":{"line":77,"column":81}},"22":{"start":{"line":79,"column":31},"end":{"line":79,"column":null}},"23":{"start":{"line":80,"column":17},"end":{"line":80,"column":null}},"24":{"start":{"line":81,"column":17},"end":{"line":81,"column":null}},"25":{"start":{"line":82,"column":16},"end":{"line":82,"column":null}},"26":{"start":{"line":84,"column":4},"end":{"line":98,"column":null}},"27":{"start":{"line":85,"column":6},"end":{"line":85,"column":null}},"28":{"start":{"line":86,"column":6},"end":{"line":86,"column":null}},"29":{"start":{"line":87,"column":6},"end":{"line":87,"column":null}},"30":{"start":{"line":88,"column":6},"end":{"line":88,"column":null}},"31":{"start":{"line":89,"column":15},"end":{"line":98,"column":null}},"32":{"start":{"line":90,"column":6},"end":{"line":90,"column":null}},"33":{"start":{"line":91,"column":6},"end":{"line":91,"column":null}},"34":{"start":{"line":92,"column":6},"end":{"line":92,"column":null}},"35":{"start":{"line":93,"column":6},"end":{"line":93,"column":null}},"36":{"start":{"line":94,"column":15},"end":{"line":98,"column":null}},"37":{"start":{"line":95,"column":6},"end":{"line":95,"column":null}},"38":{"start":{"line":96,"column":6},"end":{"line":96,"column":null}},"39":{"start":{"line":97,"column":6},"end":{"line":97,"column":null}},"40":{"start":{"line":98,"column":6},"end":{"line":98,"column":null}},"41":{"start":{"line":101,"column":4},"end":{"line":101,"column":null}},"42":{"start":{"line":101,"column":16},"end":{"line":101,"column":null}},"43":{"start":{"line":102,"column":4},"end":{"line":102,"column":null}},"44":{"start":{"line":102,"column":17},"end":{"line":102,"column":null}},"45":{"start":{"line":103,"column":4},"end":{"line":103,"column":null}},"46":{"start":{"line":103,"column":31},"end":{"line":103,"column":null}},"47":{"start":{"line":105,"column":4},"end":{"line":114,"column":null}},"48":{"start":{"line":117,"column":55},"end":{"line":138,"column":null}},"49":{"start":{"line":140,"column":2},"end":{"line":145,"column":null}},"50":{"start":{"line":140,"column":35},"end":{"line":145,"column":5}},"51":{"start":{"line":143,"column":24},"end":{"line":143,"column":48}},"52":{"start":{"line":144,"column":22},"end":{"line":144,"column":94}},"53":{"start":{"line":149,"column":2},"end":{"line":149,"column":null}},"54":{"start":{"line":149,"column":50},"end":{"line":149,"column":62}},"55":{"start":{"line":153,"column":14},"end":{"line":153,"column":52}},"56":{"start":{"line":153,"column":40},"end":{"line":153,"column":52}},"57":{"start":{"line":154,"column":2},"end":{"line":159,"column":null}},"58":{"start":{"line":156,"column":39},"end":{"line":156,"column":64}},"59":{"start":{"line":157,"column":42},"end":{"line":157,"column":65}},"60":{"start":{"line":158,"column":50},"end":{"line":158,"column":77}}},"fnMap":{"0":{"name":"textFor","decl":{"start":{"line":41,"column":9},"end":{"line":41,"column":17}},"loc":{"start":{"line":41,"column":31},"end":{"line":42,"column":null}},"line":41},"1":{"name":"senderName","decl":{"start":{"line":45,"column":9},"end":{"line":45,"column":20}},"loc":{"start":{"line":45,"column":34},"end":{"line":46,"column":null}},"line":45},"2":{"name":"priorityFrom","decl":{"start":{"line":49,"column":9},"end":{"line":49,"column":22}},"loc":{"start":{"line":49,"column":53},"end":{"line":52,"column":null}},"line":49},"3":{"name":"matchesAny","decl":{"start":{"line":55,"column":9},"end":{"line":55,"column":20}},"loc":{"start":{"line":55,"column":54},"end":{"line":56,"column":null}},"line":55},"4":{"name":"(anonymous_4)","decl":{"start":{"line":56,"column":18},"end":{"line":56,"column":24}},"loc":{"start":{"line":56,"column":36},"end":{"line":56,"column":54}},"line":56},"5":{"name":"makeBrief","decl":{"start":{"line":59,"column":9},"end":{"line":59,"column":19}},"loc":{"start":{"line":59,"column":65},"end":{"line":66,"column":null}},"line":59},"6":{"name":"triageEmails","decl":{"start":{"line":69,"column":16},"end":{"line":69,"column":29}},"loc":{"start":{"line":69,"column":61},"end":{"line":145,"column":null}},"line":69},"7":{"name":"(anonymous_7)","decl":{"start":{"line":70,"column":23},"end":{"line":70,"column":28}},"loc":{"start":{"line":70,"column":50},"end":{"line":115,"column":null}},"line":70},"8":{"name":"(anonymous_8)","decl":{"start":{"line":140,"column":19},"end":{"line":140,"column":24}},"loc":{"start":{"line":140,"column":35},"end":{"line":145,"column":5}},"line":140},"9":{"name":"(anonymous_9)","decl":{"start":{"line":143,"column":7},"end":{"line":143,"column":15}},"loc":{"start":{"line":143,"column":24},"end":{"line":143,"column":48}},"line":143},"10":{"name":"(anonymous_10)","decl":{"start":{"line":144,"column":7},"end":{"line":144,"column":13}},"loc":{"start":{"line":144,"column":22},"end":{"line":144,"column":94}},"line":144},"11":{"name":"triageItemForEmail","decl":{"start":{"line":148,"column":16},"end":{"line":148,"column":35}},"loc":{"start":{"line":148,"column":73},"end":{"line":149,"column":null}},"line":148},"12":{"name":"(anonymous_12)","decl":{"start":{"line":149,"column":31},"end":{"line":149,"column":40}},"loc":{"start":{"line":149,"column":50},"end":{"line":149,"column":62}},"line":149},"13":{"name":"triageSummary","decl":{"start":{"line":152,"column":16},"end":{"line":152,"column":30}},"loc":{"start":{"line":152,"column":53},"end":{"line":159,"column":null}},"line":152},"14":{"name":"(anonymous_14)","decl":{"start":{"line":153,"column":21},"end":{"line":153,"column":30}},"loc":{"start":{"line":153,"column":40},"end":{"line":153,"column":52}},"line":153},"15":{"name":"(anonymous_15)","decl":{"start":{"line":156,"column":22},"end":{"line":156,"column":30}},"loc":{"start":{"line":156,"column":39},"end":{"line":156,"column":64}},"line":156},"16":{"name":"(anonymous_16)","decl":{"start":{"line":157,"column":26},"end":{"line":157,"column":32}},"loc":{"start":{"line":157,"column":42},"end":{"line":157,"column":65}},"line":157},"17":{"name":"(anonymous_17)","decl":{"start":{"line":158,"column":34},"end":{"line":158,"column":40}},"loc":{"start":{"line":158,"column":50},"end":{"line":158,"column":77}},"line":158}},"branchMap":{"0":{"loc":{"start":{"line":46,"column":9},"end":{"line":46,"column":null}},"type":"binary-expr","locations":[{"start":{"line":46,"column":9},"end":{"line":46,"column":70}},{"start":{"line":46,"column":74},"end":{"line":46,"column":null}}],"line":46},"1":{"loc":{"start":{"line":50,"column":2},"end":{"line":50,"column":null}},"type":"if","locations":[{"start":{"line":50,"column":2},"end":{"line":50,"column":null}},{"start":{},"end":{}}],"line":50},"2":{"loc":{"start":{"line":51,"column":2},"end":{"line":51,"column":null}},"type":"if","locations":[{"start":{"line":51,"column":2},"end":{"line":51,"column":null}},{"start":{},"end":{}}],"line":51},"3":{"loc":{"start":{"line":77,"column":17},"end":{"line":77,"column":81}},"type":"binary-expr","locations":[{"start":{"line":77,"column":17},"end":{"line":77,"column":47}},{"start":{"line":77,"column":51},"end":{"line":77,"column":81}}],"line":77},"4":{"loc":{"start":{"line":82,"column":16},"end":{"line":82,"column":null}},"type":"cond-expr","locations":[{"start":{"line":82,"column":25},"end":{"line":82,"column":30}},{"start":{"line":82,"column":30},"end":{"line":82,"column":null}}],"line":82},"5":{"loc":{"start":{"line":84,"column":4},"end":{"line":98,"column":null}},"type":"if","locations":[{"start":{"line":84,"column":4},"end":{"line":98,"column":null}},{"start":{"line":89,"column":15},"end":{"line":98,"column":null}}],"line":84},"6":{"loc":{"start":{"line":84,"column":8},"end":{"line":84,"column":44}},"type":"binary-expr","locations":[{"start":{"line":84,"column":8},"end":{"line":84,"column":25}},{"start":{"line":84,"column":25},"end":{"line":84,"column":35}},{"start":{"line":84,"column":35},"end":{"line":84,"column":44}}],"line":84},"7":{"loc":{"start":{"line":86,"column":15},"end":{"line":86,"column":null}},"type":"cond-expr","locations":[{"start":{"line":86,"column":24},"end":{"line":86,"column":49}},{"start":{"line":86,"column":49},"end":{"line":86,"column":null}}],"line":86},"8":{"loc":{"start":{"line":86,"column":49},"end":{"line":86,"column":null}},"type":"cond-expr","locations":[{"start":{"line":86,"column":59},"end":{"line":86,"column":78}},{"start":{"line":86,"column":78},"end":{"line":86,"column":null}}],"line":86},"9":{"loc":{"start":{"line":89,"column":15},"end":{"line":98,"column":null}},"type":"if","locations":[{"start":{"line":89,"column":15},"end":{"line":98,"column":null}},{"start":{"line":94,"column":15},"end":{"line":98,"column":null}}],"line":89},"10":{"loc":{"start":{"line":91,"column":15},"end":{"line":91,"column":null}},"type":"cond-expr","locations":[{"start":{"line":91,"column":39},"end":{"line":91,"column":69}},{"start":{"line":91,"column":69},"end":{"line":91,"column":null}}],"line":91},"11":{"loc":{"start":{"line":92,"column":15},"end":{"line":92,"column":null}},"type":"cond-expr","locations":[{"start":{"line":92,"column":39},"end":{"line":92,"column":72}},{"start":{"line":92,"column":72},"end":{"line":92,"column":null}}],"line":92},"12":{"loc":{"start":{"line":94,"column":15},"end":{"line":98,"column":null}},"type":"if","locations":[{"start":{"line":94,"column":15},"end":{"line":98,"column":null}},{"start":{},"end":{}}],"line":94},"13":{"loc":{"start":{"line":101,"column":4},"end":{"line":101,"column":null}},"type":"if","locations":[{"start":{"line":101,"column":4},"end":{"line":101,"column":null}},{"start":{},"end":{}}],"line":101},"14":{"loc":{"start":{"line":102,"column":4},"end":{"line":102,"column":null}},"type":"if","locations":[{"start":{"line":102,"column":4},"end":{"line":102,"column":null}},{"start":{},"end":{}}],"line":102},"15":{"loc":{"start":{"line":103,"column":4},"end":{"line":103,"column":null}},"type":"if","locations":[{"start":{"line":103,"column":4},"end":{"line":103,"column":null}},{"start":{},"end":{}}],"line":103},"16":{"loc":{"start":{"line":144,"column":22},"end":{"line":144,"column":94}},"type":"binary-expr","locations":[{"start":{"line":144,"column":22},"end":{"line":144,"column":43}},{"start":{"line":144,"column":43},"end":{"line":144,"column":94}}],"line":144},"17":{"loc":{"start":{"line":157,"column":19},"end":{"line":157,"column":null}},"type":"binary-expr","locations":[{"start":{"line":157,"column":19},"end":{"line":157,"column":83}},{"start":{"line":157,"column":83},"end":{"line":157,"column":null}}],"line":157},"18":{"loc":{"start":{"line":158,"column":27},"end":{"line":158,"column":null}},"type":"binary-expr","locations":[{"start":{"line":158,"column":27},"end":{"line":158,"column":95}},{"start":{"line":158,"column":95},"end":{"line":158,"column":null}}],"line":158}},"s":{"0":0,"1":0,"2":0,"3":0,"4":0,"5":0,"6":0,"7":0,"8":0,"9":0,"10":0,"11":0,"12":0,"13":0,"14":0,"15":0,"16":0,"17":0,"18":0,"19":0,"20":0,"21":0,"22":0,"23":0,"24":0,"25":0,"26":0,"27":0,"28":0,"29":0,"30":0,"31":0,"32":0,"33":0,"34":0,"35":0,"36":0,"37":0,"38":0,"39":0,"40":0,"41":0,"42":0,"43":0,"44":0,"45":0,"46":0,"47":0,"48":0,"49":0,"50":0,"51":0,"52":0,"53":0,"54":0,"55":0,"56":0,"57":0,"58":0,"59":0,"60":0},"f":{"0":0,"1":0,"2":0,"3":0,"4":0,"5":0,"6":0,"7":0,"8":0,"9":0,"10":0,"11":0,"12":0,"13":0,"14":0,"15":0,"16":0,"17":0},"b":{"0":[0,0],"1":[0,0],"2":[0,0],"3":[0,0],"4":[0,0],"5":[0,0],"6":[0,0,0],"7":[0,0],"8":[0,0],"9":[0,0],"10":[0,0],"11":[0,0],"12":[0,0],"13":[0,0],"14":[0,0],"15":[0,0],"16":[0,0],"17":[0,0],"18":[0,0]},"meta":{"lastBranch":19,"lastFunction":18,"lastStatement":61,"seen":{"s:24:24:26:Infinity":0,"s:29:24:30:Infinity":1,"s:33:26:34:Infinity":2,"s:37:21:38:Infinity":3,"f:41:9:41:17":0,"s:42:2:42:Infinity":4,"f:45:9:45:20":1,"s:46:2:46:Infinity":5,"b:46:9:46:70:46:74:46:Infinity":0,"f:49:9:49:22":2,"b:50:2:50:Infinity:undefined:undefined:undefined:undefined":1,"s:50:2:50:Infinity":6,"s:50:19:50:Infinity":7,"b:51:2:51:Infinity:undefined:undefined:undefined:undefined":2,"s:51:2:51:Infinity":8,"s:51:19:51:Infinity":9,"s:52:2:52:Infinity":10,"f:55:9:55:20":3,"s:56:2:56:Infinity":11,"f:56:18:56:24":4,"s:56:36:56:54":12,"f:59:9:59:19":5,"s:60:2:66:Infinity":13,"f:69:16:69:29":6,"s:70:16:115:Infinity":14,"f:70:23:70:28":7,"s:71:17:71:31":15,"s:72:19:72:52":16,"s:73:20:73:54":17,"s:74:26:74:59":18,"s:75:19:75:52":19,"s:76:22:76:57":20,"s:77:17:77:81":21,"b:77:17:77:47:77:51:77:81":3,"s:79:31:79:Infinity":22,"s:80:17:80:Infinity":23,"s:81:17:81:Infinity":24,"s:82:16:82:Infinity":25,"b:82:25:82:30:82:30:82:Infinity":4,"b:84:4:98:Infinity:89:15:98:Infinity":5,"s:84:4:98:Infinity":26,"b:84:8:84:25:84:25:84:35:84:35:84:44":6,"s:85:6:85:Infinity":27,"s:86:6:86:Infinity":28,"b:86:24:86:49:86:49:86:Infinity":7,"b:86:59:86:78:86:78:86:Infinity":8,"s:87:6:87:Infinity":29,"s:88:6:88:Infinity":30,"b:89:15:98:Infinity:94:15:98:Infinity":9,"s:89:15:98:Infinity":31,"s:90:6:90:Infinity":32,"s:91:6:91:Infinity":33,"b:91:39:91:69:91:69:91:Infinity":10,"s:92:6:92:Infinity":34,"b:92:39:92:72:92:72:92:Infinity":11,"s:93:6:93:Infinity":35,"b:94:15:98:Infinity:undefined:undefined:undefined:undefined":12,"s:94:15:98:Infinity":36,"s:95:6:95:Infinity":37,"s:96:6:96:Infinity":38,"s:97:6:97:Infinity":39,"s:98:6:98:Infinity":40,"b:101:4:101:Infinity:undefined:undefined:undefined:undefined":13,"s:101:4:101:Infinity":41,"s:101:16:101:Infinity":42,"b:102:4:102:Infinity:undefined:undefined:undefined:undefined":14,"s:102:4:102:Infinity":43,"s:102:17:102:Infinity":44,"b:103:4:103:Infinity:undefined:undefined:undefined:undefined":15,"s:103:4:103:Infinity":45,"s:103:31:103:Infinity":46,"s:105:4:114:Infinity":47,"s:117:55:138:Infinity":48,"s:140:2:145:Infinity":49,"f:140:19:140:24":8,"s:140:35:145:5":50,"f:143:7:143:15":9,"s:143:24:143:48":51,"f:144:7:144:13":10,"s:144:22:144:94":52,"b:144:22:144:43:144:43:144:94":16,"f:148:16:148:35":11,"s:149:2:149:Infinity":53,"f:149:31:149:40":12,"s:149:50:149:62":54,"f:152:16:152:30":13,"s:153:14:153:52":55,"f:153:21:153:30":14,"s:153:40:153:52":56,"s:154:2:159:Infinity":57,"f:156:22:156:30":15,"s:156:39:156:64":58,"b:157:19:157:83:157:83:157:Infinity":17,"f:157:26:157:32":16,"s:157:42:157:65":59,"b:158:27:158:95:158:95:158:Infinity":18,"f:158:34:158:40":17,"s:158:50:158:77":60},"fnNames":{}}}
,"/Users/sarthak/Desktop/fleet/email-manager/src/lib/use-session.ts": {"path":"/Users/sarthak/Desktop/fleet/email-manager/src/lib/use-session.ts","statementMap":{"0":{"start":{"line":1,"column":0},"end":{"line":1,"column":null}},"1":{"start":{"line":7,"column":18},"end":{"line":7,"column":55}},"2":{"start":{"line":8,"column":18},"end":{"line":8,"column":46}},"3":{"start":{"line":10,"column":2},"end":{"line":21,"column":null}},"4":{"start":{"line":11,"column":18},"end":{"line":11,"column":null}},"5":{"start":{"line":12,"column":4},"end":{"line":17,"column":null}},"6":{"start":{"line":13,"column":6},"end":{"line":15,"column":null}},"7":{"start":{"line":14,"column":8},"end":{"line":14,"column":null}},"8":{"start":{"line":15,"column":8},"end":{"line":15,"column":null}},"9":{"start":{"line":18,"column":4},"end":{"line":19,"column":null}},"10":{"start":{"line":19,"column":6},"end":{"line":19,"column":null}},"11":{"start":{"line":23,"column":2},"end":{"line":23,"column":null}}},"fnMap":{"0":{"name":"useSession","decl":{"start":{"line":6,"column":16},"end":{"line":6,"column":29}},"loc":{"start":{"line":6,"column":29},"end":{"line":23,"column":null}},"line":6},"1":{"name":"(anonymous_1)","decl":{"start":{"line":10,"column":2},"end":{"line":10,"column":18}},"loc":{"start":{"line":10,"column":18},"end":{"line":21,"column":7}},"line":10},"2":{"name":"(anonymous_2)","decl":{"start":{"line":12,"column":17},"end":{"line":12,"column":23}},"loc":{"start":{"line":12,"column":29},"end":{"line":17,"column":null}},"line":12},"3":{"name":"(anonymous_3)","decl":{"start":{"line":18,"column":4},"end":{"line":18,"column":17}},"loc":{"start":{"line":18,"column":17},"end":{"line":19,"column":null}},"line":18}},"branchMap":{"0":{"loc":{"start":{"line":13,"column":6},"end":{"line":15,"column":null}},"type":"if","locations":[{"start":{"line":13,"column":6},"end":{"line":15,"column":null}},{"start":{},"end":{}}],"line":13}},"s":{"0":0,"1":0,"2":0,"3":0,"4":0,"5":0,"6":0,"7":0,"8":0,"9":0,"10":0,"11":0},"f":{"0":0,"1":0,"2":0,"3":0},"b":{"0":[0,0]},"meta":{"lastBranch":1,"lastFunction":4,"lastStatement":12,"seen":{"s:1:0:1:Infinity":0,"f:6:16:6:29":0,"s:7:18:7:55":1,"s:8:18:8:46":2,"s:10:2:21:Infinity":3,"f:10:2:10:18":1,"s:11:18:11:Infinity":4,"s:12:4:17:Infinity":5,"f:12:17:12:23":2,"b:13:6:15:Infinity:undefined:undefined:undefined:undefined":0,"s:13:6:15:Infinity":6,"s:14:8:14:Infinity":7,"s:15:8:15:Infinity":8,"s:18:4:19:Infinity":9,"f:18:4:18:17":3,"s:19:6:19:Infinity":10,"s:23:2:23:Infinity":11},"fnNames":{}}}
}
